[2015-06-16 15:10:23] local.ERROR: exception 'ErrorException' with message 'file_put_contents(C:\xampp\htdocs\dev.eusalud/bootstrap/cache/services.json): failed to open stream: No such file or directory' in C:\xampp\htdocs\dev.eusalud\vendor\laravel\framework\src\Illuminate\Filesystem\Filesystem.php:81
Stack trace:
#0 [internal function]: Illuminate\Foundation\Bootstrap\HandleExceptions->handleError(2, 'file_put_conten...', 'C:\\xampp\\htdocs...', 81, Array)
#1 C:\xampp\htdocs\dev.eusalud\vendor\laravel\framework\src\Illuminate\Filesystem\Filesystem.php(81): file_put_contents('C:\\xampp\\htdocs...', '{\n    "provider...', 0)
#2 C:\xampp\htdocs\dev.eusalud\vendor\laravel\framework\src\Illuminate\Foundation\ProviderRepository.php(188): Illuminate\Filesystem\Filesystem->put('C:\\xampp\\htdocs...', '{\n    "provider...')
#3 C:\xampp\htdocs\dev.eusalud\vendor\laravel\framework\src\Illuminate\Foundation\ProviderRepository.php(135): Illuminate\Foundation\ProviderRepository->writeManifest(Array)
#4 C:\xampp\htdocs\dev.eusalud\vendor\laravel\framework\src\Illuminate\Foundation\ProviderRepository.php(60): Illuminate\Foundation\ProviderRepository->compileManifest(Array)
#5 C:\xampp\htdocs\dev.eusalud\vendor\laravel\framework\src\Illuminate\Foundation\Application.php(476): Illuminate\Foundation\ProviderRepository->load(Array)
#6 C:\xampp\htdocs\dev.eusalud\vendor\laravel\framework\src\Illuminate\Foundation\Bootstrap\RegisterProviders.php(17): Illuminate\Foundation\Application->registerConfiguredProviders()
#7 C:\xampp\htdocs\dev.eusalud\vendor\laravel\framework\src\Illuminate\Foundation\Application.php(195): Illuminate\Foundation\Bootstrap\RegisterProviders->bootstrap(Object(Illuminate\Foundation\Application))
#8 C:\xampp\htdocs\dev.eusalud\vendor\laravel\framework\src\Illuminate\Foundation\Http\Kernel.php(215): Illuminate\Foundation\Application->bootstrapWith(Array)
#9 C:\xampp\htdocs\dev.eusalud\vendor\laravel\framework\src\Illuminate\Foundation\Http\Kernel.php(110): Illuminate\Foundation\Http\Kernel->bootstrap()
#10 C:\xampp\htdocs\dev.eusalud\vendor\laravel\framework\src\Illuminate\Foundation\Http\Kernel.php(86): Illuminate\Foundation\Http\Kernel->sendRequestThroughRouter(Object(Illuminate\Http\Request))
#11 C:\xampp\htdocs\dev.eusalud\public\index.php(53): Illuminate\Foundation\Http\Kernel->handle(Object(Illuminate\Http\Request))
#12 {main}  
[2015-06-16 15:10:23] local.ERROR: exception 'ReflectionException' with message 'Class encrypter does not exist' in C:\xampp\htdocs\dev.eusalud\vendor\laravel\framework\src\Illuminate\Container\Container.php:736
Stack trace:
#0 C:\xampp\htdocs\dev.eusalud\vendor\laravel\framework\src\Illuminate\Container\Container.php(736): ReflectionClass->__construct('encrypter')
#1 C:\xampp\htdocs\dev.eusalud\vendor\laravel\framework\src\Illuminate\Container\Container.php(626): Illuminate\Container\Container->build('encrypter', Array)
#2 C:\xampp\htdocs\dev.eusalud\vendor\laravel\framework\src\Illuminate\Foundation\Application.php(643): Illuminate\Container\Container->make('encrypter', Array)
#3 C:\xampp\htdocs\dev.eusalud\vendor\laravel\framework\src\Illuminate\Container\Container.php(837): Illuminate\Foundation\Application->make('Illuminate\\Cont...')
#4 C:\xampp\htdocs\dev.eusalud\vendor\laravel\framework\src\Illuminate\Container\Container.php(800): Illuminate\Container\Container->resolveClass(Object(ReflectionParameter))
#5 C:\xampp\htdocs\dev.eusalud\vendor\laravel\framework\src\Illuminate\Container\Container.php(771): Illuminate\Container\Container->getDependencies(Array, Array)
#6 C:\xampp\htdocs\dev.eusalud\vendor\laravel\framework\src\Illuminate\Container\Container.php(626): Illuminate\Container\Container->build('Illuminate\\Cook...', Array)
#7 C:\xampp\htdocs\dev.eusalud\vendor\laravel\framework\src\Illuminate\Foundation\Application.php(643): Illuminate\Container\Container->make('Illuminate\\Cook...', Array)
#8 C:\xampp\htdocs\dev.eusalud\vendor\laravel\framework\src\Illuminate\Foundation\Http\Kernel.php(135): Illuminate\Foundation\Application->make('Illuminate\\Cook...')
#9 C:\xampp\htdocs\dev.eusalud\public\index.php(57): Illuminate\Foundation\Http\Kernel->terminate(Object(Illuminate\Http\Request), Object(Illuminate\Http\Response))
#10 {main}  
[2015-06-16 15:10:24] local.ERROR: exception 'ErrorException' with message 'file_put_contents(C:\xampp\htdocs\dev.eusalud/bootstrap/cache/services.json): failed to open stream: No such file or directory' in C:\xampp\htdocs\dev.eusalud\vendor\laravel\framework\src\Illuminate\Filesystem\Filesystem.php:81
Stack trace:
#0 [internal function]: Illuminate\Foundation\Bootstrap\HandleExceptions->handleError(2, 'file_put_conten...', 'C:\\xampp\\htdocs...', 81, Array)
#1 C:\xampp\htdocs\dev.eusalud\vendor\laravel\framework\src\Illuminate\Filesystem\Filesystem.php(81): file_put_contents('C:\\xampp\\htdocs...', '{\n    "provider...', 0)
#2 C:\xampp\htdocs\dev.eusalud\vendor\laravel\framework\src\Illuminate\Foundation\ProviderRepository.php(188): Illuminate\Filesystem\Filesystem->put('C:\\xampp\\htdocs...', '{\n    "provider...')
#3 C:\xampp\htdocs\dev.eusalud\vendor\laravel\framework\src\Illuminate\Foundation\ProviderRepository.php(135): Illuminate\Foundation\ProviderRepository->writeManifest(Array)
#4 C:\xampp\htdocs\dev.eusalud\vendor\laravel\framework\src\Illuminate\Foundation\ProviderRepository.php(60): Illuminate\Foundation\ProviderRepository->compileManifest(Array)
#5 C:\xampp\htdocs\dev.eusalud\vendor\laravel\framework\src\Illuminate\Foundation\Application.php(476): Illuminate\Foundation\ProviderRepository->load(Array)
#6 C:\xampp\htdocs\dev.eusalud\vendor\laravel\framework\src\Illuminate\Foundation\Bootstrap\RegisterProviders.php(17): Illuminate\Foundation\Application->registerConfiguredProviders()
#7 C:\xampp\htdocs\dev.eusalud\vendor\laravel\framework\src\Illuminate\Foundation\Application.php(195): Illuminate\Foundation\Bootstrap\RegisterProviders->bootstrap(Object(Illuminate\Foundation\Application))
#8 C:\xampp\htdocs\dev.eusalud\vendor\laravel\framework\src\Illuminate\Foundation\Http\Kernel.php(215): Illuminate\Foundation\Application->bootstrapWith(Array)
#9 C:\xampp\htdocs\dev.eusalud\vendor\laravel\framework\src\Illuminate\Foundation\Http\Kernel.php(110): Illuminate\Foundation\Http\Kernel->bootstrap()
#10 C:\xampp\htdocs\dev.eusalud\vendor\laravel\framework\src\Illuminate\Foundation\Http\Kernel.php(86): Illuminate\Foundation\Http\Kernel->sendRequestThroughRouter(Object(Illuminate\Http\Request))
#11 C:\xampp\htdocs\dev.eusalud\public\index.php(53): Illuminate\Foundation\Http\Kernel->handle(Object(Illuminate\Http\Request))
#12 {main}  
[2015-06-16 15:10:24] local.ERROR: exception 'ReflectionException' with message 'Class encrypter does not exist' in C:\xampp\htdocs\dev.eusalud\vendor\laravel\framework\src\Illuminate\Container\Container.php:736
Stack trace:
#0 C:\xampp\htdocs\dev.eusalud\vendor\laravel\framework\src\Illuminate\Container\Container.php(736): ReflectionClass->__construct('encrypter')
#1 C:\xampp\htdocs\dev.eusalud\vendor\laravel\framework\src\Illuminate\Container\Container.php(626): Illuminate\Container\Container->build('encrypter', Array)
#2 C:\xampp\htdocs\dev.eusalud\vendor\laravel\framework\src\Illuminate\Foundation\Application.php(643): Illuminate\Container\Container->make('encrypter', Array)
#3 C:\xampp\htdocs\dev.eusalud\vendor\laravel\framework\src\Illuminate\Container\Container.php(837): Illuminate\Foundation\Application->make('Illuminate\\Cont...')
#4 C:\xampp\htdocs\dev.eusalud\vendor\laravel\framework\src\Illuminate\Container\Container.php(800): Illuminate\Container\Container->resolveClass(Object(ReflectionParameter))
#5 C:\xampp\htdocs\dev.eusalud\vendor\laravel\framework\src\Illuminate\Container\Container.php(771): Illuminate\Container\Container->getDependencies(Array, Array)
#6 C:\xampp\htdocs\dev.eusalud\vendor\laravel\framework\src\Illuminate\Container\Container.php(626): Illuminate\Container\Container->build('Illuminate\\Cook...', Array)
#7 C:\xampp\htdocs\dev.eusalud\vendor\laravel\framework\src\Illuminate\Foundation\Application.php(643): Illuminate\Container\Container->make('Illuminate\\Cook...', Array)
#8 C:\xampp\htdocs\dev.eusalud\vendor\laravel\framework\src\Illuminate\Foundation\Http\Kernel.php(135): Illuminate\Foundation\Application->make('Illuminate\\Cook...')
#9 C:\xampp\htdocs\dev.eusalud\public\index.php(57): Illuminate\Foundation\Http\Kernel->terminate(Object(Illuminate\Http\Request), Object(Illuminate\Http\Response))
#10 {main}  
[2015-06-16 15:12:34] local.ERROR: exception 'ErrorException' with message 'file_put_contents(C:\xampp\htdocs\dev.eusalud/bootstrap/cache/services.json): failed to open stream: No such file or directory' in C:\xampp\htdocs\dev.eusalud\vendor\laravel\framework\src\Illuminate\Filesystem\Filesystem.php:81
Stack trace:
#0 [internal function]: Illuminate\Foundation\Bootstrap\HandleExceptions->handleError(2, 'file_put_conten...', 'C:\\xampp\\htdocs...', 81, Array)
#1 C:\xampp\htdocs\dev.eusalud\vendor\laravel\framework\src\Illuminate\Filesystem\Filesystem.php(81): file_put_contents('C:\\xampp\\htdocs...', '{\n    "provider...', 0)
#2 C:\xampp\htdocs\dev.eusalud\vendor\laravel\framework\src\Illuminate\Foundation\ProviderRepository.php(188): Illuminate\Filesystem\Filesystem->put('C:\\xampp\\htdocs...', '{\n    "provider...')
#3 C:\xampp\htdocs\dev.eusalud\vendor\laravel\framework\src\Illuminate\Foundation\ProviderRepository.php(135): Illuminate\Foundation\ProviderRepository->writeManifest(Array)
#4 C:\xampp\htdocs\dev.eusalud\vendor\laravel\framework\src\Illuminate\Foundation\ProviderRepository.php(60): Illuminate\Foundation\ProviderRepository->compileManifest(Array)
#5 C:\xampp\htdocs\dev.eusalud\vendor\laravel\framework\src\Illuminate\Foundation\Application.php(476): Illuminate\Foundation\ProviderRepository->load(Array)
#6 C:\xampp\htdocs\dev.eusalud\vendor\laravel\framework\src\Illuminate\Foundation\Bootstrap\RegisterProviders.php(17): Illuminate\Foundation\Application->registerConfiguredProviders()
#7 C:\xampp\htdocs\dev.eusalud\vendor\laravel\framework\src\Illuminate\Foundation\Application.php(195): Illuminate\Foundation\Bootstrap\RegisterProviders->bootstrap(Object(Illuminate\Foundation\Application))
#8 C:\xampp\htdocs\dev.eusalud\vendor\laravel\framework\src\Illuminate\Foundation\Http\Kernel.php(215): Illuminate\Foundation\Application->bootstrapWith(Array)
#9 C:\xampp\htdocs\dev.eusalud\vendor\laravel\framework\src\Illuminate\Foundation\Http\Kernel.php(110): Illuminate\Foundation\Http\Kernel->bootstrap()
#10 C:\xampp\htdocs\dev.eusalud\vendor\laravel\framework\src\Illuminate\Foundation\Http\Kernel.php(86): Illuminate\Foundation\Http\Kernel->sendRequestThroughRouter(Object(Illuminate\Http\Request))
#11 C:\xampp\htdocs\dev.eusalud\public\index.php(53): Illuminate\Foundation\Http\Kernel->handle(Object(Illuminate\Http\Request))
#12 {main}  
[2015-06-16 15:12:34] local.ERROR: exception 'ReflectionException' with message 'Class encrypter does not exist' in C:\xampp\htdocs\dev.eusalud\vendor\laravel\framework\src\Illuminate\Container\Container.php:736
Stack trace:
#0 C:\xampp\htdocs\dev.eusalud\vendor\laravel\framework\src\Illuminate\Container\Container.php(736): ReflectionClass->__construct('encrypter')
#1 C:\xampp\htdocs\dev.eusalud\vendor\laravel\framework\src\Illuminate\Container\Container.php(626): Illuminate\Container\Container->build('encrypter', Array)
#2 C:\xampp\htdocs\dev.eusalud\vendor\laravel\framework\src\Illuminate\Foundation\Application.php(643): Illuminate\Container\Container->make('encrypter', Array)
#3 C:\xampp\htdocs\dev.eusalud\vendor\laravel\framework\src\Illuminate\Container\Container.php(837): Illuminate\Foundation\Application->make('Illuminate\\Cont...')
#4 C:\xampp\htdocs\dev.eusalud\vendor\laravel\framework\src\Illuminate\Container\Container.php(800): Illuminate\Container\Container->resolveClass(Object(ReflectionParameter))
#5 C:\xampp\htdocs\dev.eusalud\vendor\laravel\framework\src\Illuminate\Container\Container.php(771): Illuminate\Container\Container->getDependencies(Array, Array)
#6 C:\xampp\htdocs\dev.eusalud\vendor\laravel\framework\src\Illuminate\Container\Container.php(626): Illuminate\Container\Container->build('Illuminate\\Cook...', Array)
#7 C:\xampp\htdocs\dev.eusalud\vendor\laravel\framework\src\Illuminate\Foundation\Application.php(643): Illuminate\Container\Container->make('Illuminate\\Cook...', Array)
#8 C:\xampp\htdocs\dev.eusalud\vendor\laravel\framework\src\Illuminate\Foundation\Http\Kernel.php(135): Illuminate\Foundation\Application->make('Illuminate\\Cook...')
#9 C:\xampp\htdocs\dev.eusalud\public\index.php(57): Illuminate\Foundation\Http\Kernel->terminate(Object(Illuminate\Http\Request), Object(Illuminate\Http\Response))
#10 {main}  
[2015-06-16 15:18:11] local.ERROR: exception 'ErrorException' with message 'file_put_contents(C:\xampp\htdocs\dev.eusalud/bootstrap/cache/services.json): failed to open stream: No such file or directory' in C:\xampp\htdocs\dev.eusalud\vendor\laravel\framework\src\Illuminate\Filesystem\Filesystem.php:81
Stack trace:
#0 [internal function]: Illuminate\Foundation\Bootstrap\HandleExceptions->handleError(2, 'file_put_conten...', 'C:\\xampp\\htdocs...', 81, Array)
#1 C:\xampp\htdocs\dev.eusalud\vendor\laravel\framework\src\Illuminate\Filesystem\Filesystem.php(81): file_put_contents('C:\\xampp\\htdocs...', '{\n    "provider...', 0)
#2 C:\xampp\htdocs\dev.eusalud\vendor\laravel\framework\src\Illuminate\Foundation\ProviderRepository.php(188): Illuminate\Filesystem\Filesystem->put('C:\\xampp\\htdocs...', '{\n    "provider...')
#3 C:\xampp\htdocs\dev.eusalud\vendor\laravel\framework\src\Illuminate\Foundation\ProviderRepository.php(135): Illuminate\Foundation\ProviderRepository->writeManifest(Array)
#4 C:\xampp\htdocs\dev.eusalud\vendor\laravel\framework\src\Illuminate\Foundation\ProviderRepository.php(60): Illuminate\Foundation\ProviderRepository->compileManifest(Array)
#5 C:\xampp\htdocs\dev.eusalud\vendor\laravel\framework\src\Illuminate\Foundation\Application.php(476): Illuminate\Foundation\ProviderRepository->load(Array)
#6 C:\xampp\htdocs\dev.eusalud\vendor\laravel\framework\src\Illuminate\Foundation\Bootstrap\RegisterProviders.php(17): Illuminate\Foundation\Application->registerConfiguredProviders()
#7 C:\xampp\htdocs\dev.eusalud\vendor\laravel\framework\src\Illuminate\Foundation\Application.php(195): Illuminate\Foundation\Bootstrap\RegisterProviders->bootstrap(Object(Illuminate\Foundation\Application))
#8 C:\xampp\htdocs\dev.eusalud\vendor\laravel\framework\src\Illuminate\Foundation\Http\Kernel.php(215): Illuminate\Foundation\Application->bootstrapWith(Array)
#9 C:\xampp\htdocs\dev.eusalud\vendor\laravel\framework\src\Illuminate\Foundation\Http\Kernel.php(110): Illuminate\Foundation\Http\Kernel->bootstrap()
#10 C:\xampp\htdocs\dev.eusalud\vendor\laravel\framework\src\Illuminate\Foundation\Http\Kernel.php(86): Illuminate\Foundation\Http\Kernel->sendRequestThroughRouter(Object(Illuminate\Http\Request))
#11 C:\xampp\htdocs\dev.eusalud\public\index.php(53): Illuminate\Foundation\Http\Kernel->handle(Object(Illuminate\Http\Request))
#12 {main}  
[2015-06-16 15:18:11] local.ERROR: exception 'ReflectionException' with message 'Class encrypter does not exist' in C:\xampp\htdocs\dev.eusalud\vendor\laravel\framework\src\Illuminate\Container\Container.php:736
Stack trace:
#0 C:\xampp\htdocs\dev.eusalud\vendor\laravel\framework\src\Illuminate\Container\Container.php(736): ReflectionClass->__construct('encrypter')
#1 C:\xampp\htdocs\dev.eusalud\vendor\laravel\framework\src\Illuminate\Container\Container.php(626): Illuminate\Container\Container->build('encrypter', Array)
#2 C:\xampp\htdocs\dev.eusalud\vendor\laravel\framework\src\Illuminate\Foundation\Application.php(643): Illuminate\Container\Container->make('encrypter', Array)
#3 C:\xampp\htdocs\dev.eusalud\vendor\laravel\framework\src\Illuminate\Container\Container.php(837): Illuminate\Foundation\Application->make('Illuminate\\Cont...')
#4 C:\xampp\htdocs\dev.eusalud\vendor\laravel\framework\src\Illuminate\Container\Container.php(800): Illuminate\Container\Container->resolveClass(Object(ReflectionParameter))
#5 C:\xampp\htdocs\dev.eusalud\vendor\laravel\framework\src\Illuminate\Container\Container.php(771): Illuminate\Container\Container->getDependencies(Array, Array)
#6 C:\xampp\htdocs\dev.eusalud\vendor\laravel\framework\src\Illuminate\Container\Container.php(626): Illuminate\Container\Container->build('Illuminate\\Cook...', Array)
#7 C:\xampp\htdocs\dev.eusalud\vendor\laravel\framework\src\Illuminate\Foundation\Application.php(643): Illuminate\Container\Container->make('Illuminate\\Cook...', Array)
#8 C:\xampp\htdocs\dev.eusalud\vendor\laravel\framework\src\Illuminate\Foundation\Http\Kernel.php(135): Illuminate\Foundation\Application->make('Illuminate\\Cook...')
#9 C:\xampp\htdocs\dev.eusalud\public\index.php(57): Illuminate\Foundation\Http\Kernel->terminate(Object(Illuminate\Http\Request), Object(Illuminate\Http\Response))
#10 {main}  
[2015-06-16 15:20:32] local.ERROR: exception 'ErrorException' with message 'file_put_contents(C:\xampp\htdocs\dev.eusalud/bootstrap/cache/services.json): failed to open stream: No such file or directory' in C:\xampp\htdocs\dev.eusalud\vendor\laravel\framework\src\Illuminate\Filesystem\Filesystem.php:81
Stack trace:
#0 [internal function]: Illuminate\Foundation\Bootstrap\HandleExceptions->handleError(2, 'file_put_conten...', 'C:\\xampp\\htdocs...', 81, Array)
#1 C:\xampp\htdocs\dev.eusalud\vendor\laravel\framework\src\Illuminate\Filesystem\Filesystem.php(81): file_put_contents('C:\\xampp\\htdocs...', '{\n    "provider...', 0)
#2 C:\xampp\htdocs\dev.eusalud\vendor\laravel\framework\src\Illuminate\Foundation\ProviderRepository.php(188): Illuminate\Filesystem\Filesystem->put('C:\\xampp\\htdocs...', '{\n    "provider...')
#3 C:\xampp\htdocs\dev.eusalud\vendor\laravel\framework\src\Illuminate\Foundation\ProviderRepository.php(135): Illuminate\Foundation\ProviderRepository->writeManifest(Array)
#4 C:\xampp\htdocs\dev.eusalud\vendor\laravel\framework\src\Illuminate\Foundation\ProviderRepository.php(60): Illuminate\Foundation\ProviderRepository->compileManifest(Array)
#5 C:\xampp\htdocs\dev.eusalud\vendor\laravel\framework\src\Illuminate\Foundation\Application.php(476): Illuminate\Foundation\ProviderRepository->load(Array)
#6 C:\xampp\htdocs\dev.eusalud\vendor\laravel\framework\src\Illuminate\Foundation\Bootstrap\RegisterProviders.php(17): Illuminate\Foundation\Application->registerConfiguredProviders()
#7 C:\xampp\htdocs\dev.eusalud\vendor\laravel\framework\src\Illuminate\Foundation\Application.php(195): Illuminate\Foundation\Bootstrap\RegisterProviders->bootstrap(Object(Illuminate\Foundation\Application))
#8 C:\xampp\htdocs\dev.eusalud\vendor\laravel\framework\src\Illuminate\Foundation\Http\Kernel.php(215): Illuminate\Foundation\Application->bootstrapWith(Array)
#9 C:\xampp\htdocs\dev.eusalud\vendor\laravel\framework\src\Illuminate\Foundation\Http\Kernel.php(110): Illuminate\Foundation\Http\Kernel->bootstrap()
#10 C:\xampp\htdocs\dev.eusalud\vendor\laravel\framework\src\Illuminate\Foundation\Http\Kernel.php(86): Illuminate\Foundation\Http\Kernel->sendRequestThroughRouter(Object(Illuminate\Http\Request))
#11 C:\xampp\htdocs\dev.eusalud\public\index.php(53): Illuminate\Foundation\Http\Kernel->handle(Object(Illuminate\Http\Request))
#12 {main}  
[2015-06-16 15:20:32] local.ERROR: exception 'ReflectionException' with message 'Class encrypter does not exist' in C:\xampp\htdocs\dev.eusalud\vendor\laravel\framework\src\Illuminate\Container\Container.php:736
Stack trace:
#0 C:\xampp\htdocs\dev.eusalud\vendor\laravel\framework\src\Illuminate\Container\Container.php(736): ReflectionClass->__construct('encrypter')
#1 C:\xampp\htdocs\dev.eusalud\vendor\laravel\framework\src\Illuminate\Container\Container.php(626): Illuminate\Container\Container->build('encrypter', Array)
#2 C:\xampp\htdocs\dev.eusalud\vendor\laravel\framework\src\Illuminate\Foundation\Application.php(643): Illuminate\Container\Container->make('encrypter', Array)
#3 C:\xampp\htdocs\dev.eusalud\vendor\laravel\framework\src\Illuminate\Container\Container.php(837): Illuminate\Foundation\Application->make('Illuminate\\Cont...')
#4 C:\xampp\htdocs\dev.eusalud\vendor\laravel\framework\src\Illuminate\Container\Container.php(800): Illuminate\Container\Container->resolveClass(Object(ReflectionParameter))
#5 C:\xampp\htdocs\dev.eusalud\vendor\laravel\framework\src\Illuminate\Container\Container.php(771): Illuminate\Container\Container->getDependencies(Array, Array)
#6 C:\xampp\htdocs\dev.eusalud\vendor\laravel\framework\src\Illuminate\Container\Container.php(626): Illuminate\Container\Container->build('Illuminate\\Cook...', Array)
#7 C:\xampp\htdocs\dev.eusalud\vendor\laravel\framework\src\Illuminate\Foundation\Application.php(643): Illuminate\Container\Container->make('Illuminate\\Cook...', Array)
#8 C:\xampp\htdocs\dev.eusalud\vendor\laravel\framework\src\Illuminate\Foundation\Http\Kernel.php(135): Illuminate\Foundation\Application->make('Illuminate\\Cook...')
#9 C:\xampp\htdocs\dev.eusalud\public\index.php(57): Illuminate\Foundation\Http\Kernel->terminate(Object(Illuminate\Http\Request), Object(Illuminate\Http\Response))
#10 {main}  
[2015-06-16 15:20:33] local.ERROR: exception 'ErrorException' with message 'file_put_contents(C:\xampp\htdocs\dev.eusalud/bootstrap/cache/services.json): failed to open stream: No such file or directory' in C:\xampp\htdocs\dev.eusalud\vendor\laravel\framework\src\Illuminate\Filesystem\Filesystem.php:81
Stack trace:
#0 [internal function]: Illuminate\Foundation\Bootstrap\HandleExceptions->handleError(2, 'file_put_conten...', 'C:\\xampp\\htdocs...', 81, Array)
#1 C:\xampp\htdocs\dev.eusalud\vendor\laravel\framework\src\Illuminate\Filesystem\Filesystem.php(81): file_put_contents('C:\\xampp\\htdocs...', '{\n    "provider...', 0)
#2 C:\xampp\htdocs\dev.eusalud\vendor\laravel\framework\src\Illuminate\Foundation\ProviderRepository.php(188): Illuminate\Filesystem\Filesystem->put('C:\\xampp\\htdocs...', '{\n    "provider...')
#3 C:\xampp\htdocs\dev.eusalud\vendor\laravel\framework\src\Illuminate\Foundation\ProviderRepository.php(135): Illuminate\Foundation\ProviderRepository->writeManifest(Array)
#4 C:\xampp\htdocs\dev.eusalud\vendor\laravel\framework\src\Illuminate\Foundation\ProviderRepository.php(60): Illuminate\Foundation\ProviderRepository->compileManifest(Array)
#5 C:\xampp\htdocs\dev.eusalud\vendor\laravel\framework\src\Illuminate\Foundation\Application.php(476): Illuminate\Foundation\ProviderRepository->load(Array)
#6 C:\xampp\htdocs\dev.eusalud\vendor\laravel\framework\src\Illuminate\Foundation\Bootstrap\RegisterProviders.php(17): Illuminate\Foundation\Application->registerConfiguredProviders()
#7 C:\xampp\htdocs\dev.eusalud\vendor\laravel\framework\src\Illuminate\Foundation\Application.php(195): Illuminate\Foundation\Bootstrap\RegisterProviders->bootstrap(Object(Illuminate\Foundation\Application))
#8 C:\xampp\htdocs\dev.eusalud\vendor\laravel\framework\src\Illuminate\Foundation\Http\Kernel.php(215): Illuminate\Foundation\Application->bootstrapWith(Array)
#9 C:\xampp\htdocs\dev.eusalud\vendor\laravel\framework\src\Illuminate\Foundation\Http\Kernel.php(110): Illuminate\Foundation\Http\Kernel->bootstrap()
#10 C:\xampp\htdocs\dev.eusalud\vendor\laravel\framework\src\Illuminate\Foundation\Http\Kernel.php(86): Illuminate\Foundation\Http\Kernel->sendRequestThroughRouter(Object(Illuminate\Http\Request))
#11 C:\xampp\htdocs\dev.eusalud\public\index.php(53): Illuminate\Foundation\Http\Kernel->handle(Object(Illuminate\Http\Request))
#12 {main}  
[2015-06-16 15:20:33] local.ERROR: exception 'ReflectionException' with message 'Class encrypter does not exist' in C:\xampp\htdocs\dev.eusalud\vendor\laravel\framework\src\Illuminate\Container\Container.php:736
Stack trace:
#0 C:\xampp\htdocs\dev.eusalud\vendor\laravel\framework\src\Illuminate\Container\Container.php(736): ReflectionClass->__construct('encrypter')
#1 C:\xampp\htdocs\dev.eusalud\vendor\laravel\framework\src\Illuminate\Container\Container.php(626): Illuminate\Container\Container->build('encrypter', Array)
#2 C:\xampp\htdocs\dev.eusalud\vendor\laravel\framework\src\Illuminate\Foundation\Application.php(643): Illuminate\Container\Container->make('encrypter', Array)
#3 C:\xampp\htdocs\dev.eusalud\vendor\laravel\framework\src\Illuminate\Container\Container.php(837): Illuminate\Foundation\Application->make('Illuminate\\Cont...')
#4 C:\xampp\htdocs\dev.eusalud\vendor\laravel\framework\src\Illuminate\Container\Container.php(800): Illuminate\Container\Container->resolveClass(Object(ReflectionParameter))
#5 C:\xampp\htdocs\dev.eusalud\vendor\laravel\framework\src\Illuminate\Container\Container.php(771): Illuminate\Container\Container->getDependencies(Array, Array)
#6 C:\xampp\htdocs\dev.eusalud\vendor\laravel\framework\src\Illuminate\Container\Container.php(626): Illuminate\Container\Container->build('Illuminate\\Cook...', Array)
#7 C:\xampp\htdocs\dev.eusalud\vendor\laravel\framework\src\Illuminate\Foundation\Application.php(643): Illuminate\Container\Container->make('Illuminate\\Cook...', Array)
#8 C:\xampp\htdocs\dev.eusalud\vendor\laravel\framework\src\Illuminate\Foundation\Http\Kernel.php(135): Illuminate\Foundation\Application->make('Illuminate\\Cook...')
#9 C:\xampp\htdocs\dev.eusalud\public\index.php(57): Illuminate\Foundation\Http\Kernel->terminate(Object(Illuminate\Http\Request), Object(Illuminate\Http\Response))
#10 {main}  
[2015-06-16 15:20:33] local.ERROR: exception 'ErrorException' with message 'file_put_contents(C:\xampp\htdocs\dev.eusalud/bootstrap/cache/services.json): failed to open stream: No such file or directory' in C:\xampp\htdocs\dev.eusalud\vendor\laravel\framework\src\Illuminate\Filesystem\Filesystem.php:81
Stack trace:
#0 [internal function]: Illuminate\Foundation\Bootstrap\HandleExceptions->handleError(2, 'file_put_conten...', 'C:\\xampp\\htdocs...', 81, Array)
#1 C:\xampp\htdocs\dev.eusalud\vendor\laravel\framework\src\Illuminate\Filesystem\Filesystem.php(81): file_put_contents('C:\\xampp\\htdocs...', '{\n    "provider...', 0)
#2 C:\xampp\htdocs\dev.eusalud\vendor\laravel\framework\src\Illuminate\Foundation\ProviderRepository.php(188): Illuminate\Filesystem\Filesystem->put('C:\\xampp\\htdocs...', '{\n    "provider...')
#3 C:\xampp\htdocs\dev.eusalud\vendor\laravel\framework\src\Illuminate\Foundation\ProviderRepository.php(135): Illuminate\Foundation\ProviderRepository->writeManifest(Array)
#4 C:\xampp\htdocs\dev.eusalud\vendor\laravel\framework\src\Illuminate\Foundation\ProviderRepository.php(60): Illuminate\Foundation\ProviderRepository->compileManifest(Array)
#5 C:\xampp\htdocs\dev.eusalud\vendor\laravel\framework\src\Illuminate\Foundation\Application.php(476): Illuminate\Foundation\ProviderRepository->load(Array)
#6 C:\xampp\htdocs\dev.eusalud\vendor\laravel\framework\src\Illuminate\Foundation\Bootstrap\RegisterProviders.php(17): Illuminate\Foundation\Application->registerConfiguredProviders()
#7 C:\xampp\htdocs\dev.eusalud\vendor\laravel\framework\src\Illuminate\Foundation\Application.php(195): Illuminate\Foundation\Bootstrap\RegisterProviders->bootstrap(Object(Illuminate\Foundation\Application))
#8 C:\xampp\htdocs\dev.eusalud\vendor\laravel\framework\src\Illuminate\Foundation\Http\Kernel.php(215): Illuminate\Foundation\Application->bootstrapWith(Array)
#9 C:\xampp\htdocs\dev.eusalud\vendor\laravel\framework\src\Illuminate\Foundation\Http\Kernel.php(110): Illuminate\Foundation\Http\Kernel->bootstrap()
#10 C:\xampp\htdocs\dev.eusalud\vendor\laravel\framework\src\Illuminate\Foundation\Http\Kernel.php(86): Illuminate\Foundation\Http\Kernel->sendRequestThroughRouter(Object(Illuminate\Http\Request))
#11 C:\xampp\htdocs\dev.eusalud\public\index.php(53): Illuminate\Foundation\Http\Kernel->handle(Object(Illuminate\Http\Request))
#12 {main}  
[2015-06-16 15:20:33] local.ERROR: exception 'ReflectionException' with message 'Class encrypter does not exist' in C:\xampp\htdocs\dev.eusalud\vendor\laravel\framework\src\Illuminate\Container\Container.php:736
Stack trace:
#0 C:\xampp\htdocs\dev.eusalud\vendor\laravel\framework\src\Illuminate\Container\Container.php(736): ReflectionClass->__construct('encrypter')
#1 C:\xampp\htdocs\dev.eusalud\vendor\laravel\framework\src\Illuminate\Container\Container.php(626): Illuminate\Container\Container->build('encrypter', Array)
#2 C:\xampp\htdocs\dev.eusalud\vendor\laravel\framework\src\Illuminate\Foundation\Application.php(643): Illuminate\Container\Container->make('encrypter', Array)
#3 C:\xampp\htdocs\dev.eusalud\vendor\laravel\framework\src\Illuminate\Container\Container.php(837): Illuminate\Foundation\Application->make('Illuminate\\Cont...')
#4 C:\xampp\htdocs\dev.eusalud\vendor\laravel\framework\src\Illuminate\Container\Container.php(800): Illuminate\Container\Container->resolveClass(Object(ReflectionParameter))
#5 C:\xampp\htdocs\dev.eusalud\vendor\laravel\framework\src\Illuminate\Container\Container.php(771): Illuminate\Container\Container->getDependencies(Array, Array)
#6 C:\xampp\htdocs\dev.eusalud\vendor\laravel\framework\src\Illuminate\Container\Container.php(626): Illuminate\Container\Container->build('Illuminate\\Cook...', Array)
#7 C:\xampp\htdocs\dev.eusalud\vendor\laravel\framework\src\Illuminate\Foundation\Application.php(643): Illuminate\Container\Container->make('Illuminate\\Cook...', Array)
#8 C:\xampp\htdocs\dev.eusalud\vendor\laravel\framework\src\Illuminate\Foundation\Http\Kernel.php(135): Illuminate\Foundation\Application->make('Illuminate\\Cook...')
#9 C:\xampp\htdocs\dev.eusalud\public\index.php(57): Illuminate\Foundation\Http\Kernel->terminate(Object(Illuminate\Http\Request), Object(Illuminate\Http\Response))
#10 {main}  
[2015-06-16 15:20:33] local.ERROR: exception 'ErrorException' with message 'file_put_contents(C:\xampp\htdocs\dev.eusalud/bootstrap/cache/services.json): failed to open stream: No such file or directory' in C:\xampp\htdocs\dev.eusalud\vendor\laravel\framework\src\Illuminate\Filesystem\Filesystem.php:81
Stack trace:
#0 [internal function]: Illuminate\Foundation\Bootstrap\HandleExceptions->handleError(2, 'file_put_conten...', 'C:\\xampp\\htdocs...', 81, Array)
#1 C:\xampp\htdocs\dev.eusalud\vendor\laravel\framework\src\Illuminate\Filesystem\Filesystem.php(81): file_put_contents('C:\\xampp\\htdocs...', '{\n    "provider...', 0)
#2 C:\xampp\htdocs\dev.eusalud\vendor\laravel\framework\src\Illuminate\Foundation\ProviderRepository.php(188): Illuminate\Filesystem\Filesystem->put('C:\\xampp\\htdocs...', '{\n    "provider...')
#3 C:\xampp\htdocs\dev.eusalud\vendor\laravel\framework\src\Illuminate\Foundation\ProviderRepository.php(135): Illuminate\Foundation\ProviderRepository->writeManifest(Array)
#4 C:\xampp\htdocs\dev.eusalud\vendor\laravel\framework\src\Illuminate\Foundation\ProviderRepository.php(60): Illuminate\Foundation\ProviderRepository->compileManifest(Array)
#5 C:\xampp\htdocs\dev.eusalud\vendor\laravel\framework\src\Illuminate\Foundation\Application.php(476): Illuminate\Foundation\ProviderRepository->load(Array)
#6 C:\xampp\htdocs\dev.eusalud\vendor\laravel\framework\src\Illuminate\Foundation\Bootstrap\RegisterProviders.php(17): Illuminate\Foundation\Application->registerConfiguredProviders()
#7 C:\xampp\htdocs\dev.eusalud\vendor\laravel\framework\src\Illuminate\Foundation\Application.php(195): Illuminate\Foundation\Bootstrap\RegisterProviders->bootstrap(Object(Illuminate\Foundation\Application))
#8 C:\xampp\htdocs\dev.eusalud\vendor\laravel\framework\src\Illuminate\Foundation\Http\Kernel.php(215): Illuminate\Foundation\Application->bootstrapWith(Array)
#9 C:\xampp\htdocs\dev.eusalud\vendor\laravel\framework\src\Illuminate\Foundation\Http\Kernel.php(110): Illuminate\Foundation\Http\Kernel->bootstrap()
#10 C:\xampp\htdocs\dev.eusalud\vendor\laravel\framework\src\Illuminate\Foundation\Http\Kernel.php(86): Illuminate\Foundation\Http\Kernel->sendRequestThroughRouter(Object(Illuminate\Http\Request))
#11 C:\xampp\htdocs\dev.eusalud\public\index.php(53): Illuminate\Foundation\Http\Kernel->handle(Object(Illuminate\Http\Request))
#12 {main}  
[2015-06-16 15:20:33] local.ERROR: exception 'ReflectionException' with message 'Class encrypter does not exist' in C:\xampp\htdocs\dev.eusalud\vendor\laravel\framework\src\Illuminate\Container\Container.php:736
Stack trace:
#0 C:\xampp\htdocs\dev.eusalud\vendor\laravel\framework\src\Illuminate\Container\Container.php(736): ReflectionClass->__construct('encrypter')
#1 C:\xampp\htdocs\dev.eusalud\vendor\laravel\framework\src\Illuminate\Container\Container.php(626): Illuminate\Container\Container->build('encrypter', Array)
#2 C:\xampp\htdocs\dev.eusalud\vendor\laravel\framework\src\Illuminate\Foundation\Application.php(643): Illuminate\Container\Container->make('encrypter', Array)
#3 C:\xampp\htdocs\dev.eusalud\vendor\laravel\framework\src\Illuminate\Container\Container.php(837): Illuminate\Foundation\Application->make('Illuminate\\Cont...')
#4 C:\xampp\htdocs\dev.eusalud\vendor\laravel\framework\src\Illuminate\Container\Container.php(800): Illuminate\Container\Container->resolveClass(Object(ReflectionParameter))
#5 C:\xampp\htdocs\dev.eusalud\vendor\laravel\framework\src\Illuminate\Container\Container.php(771): Illuminate\Container\Container->getDependencies(Array, Array)
#6 C:\xampp\htdocs\dev.eusalud\vendor\laravel\framework\src\Illuminate\Container\Container.php(626): Illuminate\Container\Container->build('Illuminate\\Cook...', Array)
#7 C:\xampp\htdocs\dev.eusalud\vendor\laravel\framework\src\Illuminate\Foundation\Application.php(643): Illuminate\Container\Container->make('Illuminate\\Cook...', Array)
#8 C:\xampp\htdocs\dev.eusalud\vendor\laravel\framework\src\Illuminate\Foundation\Http\Kernel.php(135): Illuminate\Foundation\Application->make('Illuminate\\Cook...')
#9 C:\xampp\htdocs\dev.eusalud\public\index.php(57): Illuminate\Foundation\Http\Kernel->terminate(Object(Illuminate\Http\Request), Object(Illuminate\Http\Response))
#10 {main}  
[2015-06-16 15:35:40] local.ERROR: exception 'ErrorException' with message 'file_put_contents(C:\xampp\htdocs\dev.eusalud/bootstrap/cache/services.json): failed to open stream: No such file or directory' in C:\xampp\htdocs\dev.eusalud\vendor\laravel\framework\src\Illuminate\Filesystem\Filesystem.php:81
Stack trace:
#0 [internal function]: Illuminate\Foundation\Bootstrap\HandleExceptions->handleError(2, 'file_put_conten...', 'C:\\xampp\\htdocs...', 81, Array)
#1 C:\xampp\htdocs\dev.eusalud\vendor\laravel\framework\src\Illuminate\Filesystem\Filesystem.php(81): file_put_contents('C:\\xampp\\htdocs...', '{\n    "provider...', 0)
#2 C:\xampp\htdocs\dev.eusalud\vendor\laravel\framework\src\Illuminate\Foundation\ProviderRepository.php(188): Illuminate\Filesystem\Filesystem->put('C:\\xampp\\htdocs...', '{\n    "provider...')
#3 C:\xampp\htdocs\dev.eusalud\vendor\laravel\framework\src\Illuminate\Foundation\ProviderRepository.php(135): Illuminate\Foundation\ProviderRepository->writeManifest(Array)
#4 C:\xampp\htdocs\dev.eusalud\vendor\laravel\framework\src\Illuminate\Foundation\ProviderRepository.php(60): Illuminate\Foundation\ProviderRepository->compileManifest(Array)
#5 C:\xampp\htdocs\dev.eusalud\vendor\laravel\framework\src\Illuminate\Foundation\Application.php(476): Illuminate\Foundation\ProviderRepository->load(Array)
#6 C:\xampp\htdocs\dev.eusalud\vendor\laravel\framework\src\Illuminate\Foundation\Bootstrap\RegisterProviders.php(17): Illuminate\Foundation\Application->registerConfiguredProviders()
#7 C:\xampp\htdocs\dev.eusalud\vendor\laravel\framework\src\Illuminate\Foundation\Application.php(195): Illuminate\Foundation\Bootstrap\RegisterProviders->bootstrap(Object(Illuminate\Foundation\Application))
#8 C:\xampp\htdocs\dev.eusalud\vendor\laravel\framework\src\Illuminate\Foundation\Http\Kernel.php(215): Illuminate\Foundation\Application->bootstrapWith(Array)
#9 C:\xampp\htdocs\dev.eusalud\vendor\laravel\framework\src\Illuminate\Foundation\Http\Kernel.php(110): Illuminate\Foundation\Http\Kernel->bootstrap()
#10 C:\xampp\htdocs\dev.eusalud\vendor\laravel\framework\src\Illuminate\Foundation\Http\Kernel.php(86): Illuminate\Foundation\Http\Kernel->sendRequestThroughRouter(Object(Illuminate\Http\Request))
#11 C:\xampp\htdocs\dev.eusalud\public\index.php(53): Illuminate\Foundation\Http\Kernel->handle(Object(Illuminate\Http\Request))
#12 {main}  
[2015-06-16 15:35:40] local.ERROR: exception 'ReflectionException' with message 'Class encrypter does not exist' in C:\xampp\htdocs\dev.eusalud\vendor\laravel\framework\src\Illuminate\Container\Container.php:736
Stack trace:
#0 C:\xampp\htdocs\dev.eusalud\vendor\laravel\framework\src\Illuminate\Container\Container.php(736): ReflectionClass->__construct('encrypter')
#1 C:\xampp\htdocs\dev.eusalud\vendor\laravel\framework\src\Illuminate\Container\Container.php(626): Illuminate\Container\Container->build('encrypter', Array)
#2 C:\xampp\htdocs\dev.eusalud\vendor\laravel\framework\src\Illuminate\Foundation\Application.php(643): Illuminate\Container\Container->make('encrypter', Array)
#3 C:\xampp\htdocs\dev.eusalud\vendor\laravel\framework\src\Illuminate\Container\Container.php(837): Illuminate\Foundation\Application->make('Illuminate\\Cont...')
#4 C:\xampp\htdocs\dev.eusalud\vendor\laravel\framework\src\Illuminate\Container\Container.php(800): Illuminate\Container\Container->resolveClass(Object(ReflectionParameter))
#5 C:\xampp\htdocs\dev.eusalud\vendor\laravel\framework\src\Illuminate\Container\Container.php(771): Illuminate\Container\Container->getDependencies(Array, Array)
#6 C:\xampp\htdocs\dev.eusalud\vendor\laravel\framework\src\Illuminate\Container\Container.php(626): Illuminate\Container\Container->build('Illuminate\\Cook...', Array)
#7 C:\xampp\htdocs\dev.eusalud\vendor\laravel\framework\src\Illuminate\Foundation\Application.php(643): Illuminate\Container\Container->make('Illuminate\\Cook...', Array)
#8 C:\xampp\htdocs\dev.eusalud\vendor\laravel\framework\src\Illuminate\Foundation\Http\Kernel.php(135): Illuminate\Foundation\Application->make('Illuminate\\Cook...')
#9 C:\xampp\htdocs\dev.eusalud\public\index.php(57): Illuminate\Foundation\Http\Kernel->terminate(Object(Illuminate\Http\Request), Object(Illuminate\Http\Response))
#10 {main}  
[2015-06-16 15:35:42] local.ERROR: exception 'ErrorException' with message 'file_put_contents(C:\xampp\htdocs\dev.eusalud/bootstrap/cache/services.json): failed to open stream: No such file or directory' in C:\xampp\htdocs\dev.eusalud\vendor\laravel\framework\src\Illuminate\Filesystem\Filesystem.php:81
Stack trace:
#0 [internal function]: Illuminate\Foundation\Bootstrap\HandleExceptions->handleError(2, 'file_put_conten...', 'C:\\xampp\\htdocs...', 81, Array)
#1 C:\xampp\htdocs\dev.eusalud\vendor\laravel\framework\src\Illuminate\Filesystem\Filesystem.php(81): file_put_contents('C:\\xampp\\htdocs...', '{\n    "provider...', 0)
#2 C:\xampp\htdocs\dev.eusalud\vendor\laravel\framework\src\Illuminate\Foundation\ProviderRepository.php(188): Illuminate\Filesystem\Filesystem->put('C:\\xampp\\htdocs...', '{\n    "provider...')
#3 C:\xampp\htdocs\dev.eusalud\vendor\laravel\framework\src\Illuminate\Foundation\ProviderRepository.php(135): Illuminate\Foundation\ProviderRepository->writeManifest(Array)
#4 C:\xampp\htdocs\dev.eusalud\vendor\laravel\framework\src\Illuminate\Foundation\ProviderRepository.php(60): Illuminate\Foundation\ProviderRepository->compileManifest(Array)
#5 C:\xampp\htdocs\dev.eusalud\vendor\laravel\framework\src\Illuminate\Foundation\Application.php(476): Illuminate\Foundation\ProviderRepository->load(Array)
#6 C:\xampp\htdocs\dev.eusalud\vendor\laravel\framework\src\Illuminate\Foundation\Bootstrap\RegisterProviders.php(17): Illuminate\Foundation\Application->registerConfiguredProviders()
#7 C:\xampp\htdocs\dev.eusalud\vendor\laravel\framework\src\Illuminate\Foundation\Application.php(195): Illuminate\Foundation\Bootstrap\RegisterProviders->bootstrap(Object(Illuminate\Foundation\Application))
#8 C:\xampp\htdocs\dev.eusalud\vendor\laravel\framework\src\Illuminate\Foundation\Http\Kernel.php(215): Illuminate\Foundation\Application->bootstrapWith(Array)
#9 C:\xampp\htdocs\dev.eusalud\vendor\laravel\framework\src\Illuminate\Foundation\Http\Kernel.php(110): Illuminate\Foundation\Http\Kernel->bootstrap()
#10 C:\xampp\htdocs\dev.eusalud\vendor\laravel\framework\src\Illuminate\Foundation\Http\Kernel.php(86): Illuminate\Foundation\Http\Kernel->sendRequestThroughRouter(Object(Illuminate\Http\Request))
#11 C:\xampp\htdocs\dev.eusalud\public\index.php(53): Illuminate\Foundation\Http\Kernel->handle(Object(Illuminate\Http\Request))
#12 {main}  
[2015-06-16 15:35:42] local.ERROR: exception 'ReflectionException' with message 'Class encrypter does not exist' in C:\xampp\htdocs\dev.eusalud\vendor\laravel\framework\src\Illuminate\Container\Container.php:736
Stack trace:
#0 C:\xampp\htdocs\dev.eusalud\vendor\laravel\framework\src\Illuminate\Container\Container.php(736): ReflectionClass->__construct('encrypter')
#1 C:\xampp\htdocs\dev.eusalud\vendor\laravel\framework\src\Illuminate\Container\Container.php(626): Illuminate\Container\Container->build('encrypter', Array)
#2 C:\xampp\htdocs\dev.eusalud\vendor\laravel\framework\src\Illuminate\Foundation\Application.php(643): Illuminate\Container\Container->make('encrypter', Array)
#3 C:\xampp\htdocs\dev.eusalud\vendor\laravel\framework\src\Illuminate\Container\Container.php(837): Illuminate\Foundation\Application->make('Illuminate\\Cont...')
#4 C:\xampp\htdocs\dev.eusalud\vendor\laravel\framework\src\Illuminate\Container\Container.php(800): Illuminate\Container\Container->resolveClass(Object(ReflectionParameter))
#5 C:\xampp\htdocs\dev.eusalud\vendor\laravel\framework\src\Illuminate\Container\Container.php(771): Illuminate\Container\Container->getDependencies(Array, Array)
#6 C:\xampp\htdocs\dev.eusalud\vendor\laravel\framework\src\Illuminate\Container\Container.php(626): Illuminate\Container\Container->build('Illuminate\\Cook...', Array)
#7 C:\xampp\htdocs\dev.eusalud\vendor\laravel\framework\src\Illuminate\Foundation\Application.php(643): Illuminate\Container\Container->make('Illuminate\\Cook...', Array)
#8 C:\xampp\htdocs\dev.eusalud\vendor\laravel\framework\src\Illuminate\Foundation\Http\Kernel.php(135): Illuminate\Foundation\Application->make('Illuminate\\Cook...')
#9 C:\xampp\htdocs\dev.eusalud\public\index.php(57): Illuminate\Foundation\Http\Kernel->terminate(Object(Illuminate\Http\Request), Object(Illuminate\Http\Response))
#10 {main}  
[2015-06-16 15:35:42] local.ERROR: exception 'ErrorException' with message 'file_put_contents(C:\xampp\htdocs\dev.eusalud/bootstrap/cache/services.json): failed to open stream: No such file or directory' in C:\xampp\htdocs\dev.eusalud\vendor\laravel\framework\src\Illuminate\Filesystem\Filesystem.php:81
Stack trace:
#0 [internal function]: Illuminate\Foundation\Bootstrap\HandleExceptions->handleError(2, 'file_put_conten...', 'C:\\xampp\\htdocs...', 81, Array)
#1 C:\xampp\htdocs\dev.eusalud\vendor\laravel\framework\src\Illuminate\Filesystem\Filesystem.php(81): file_put_contents('C:\\xampp\\htdocs...', '{\n    "provider...', 0)
#2 C:\xampp\htdocs\dev.eusalud\vendor\laravel\framework\src\Illuminate\Foundation\ProviderRepository.php(188): Illuminate\Filesystem\Filesystem->put('C:\\xampp\\htdocs...', '{\n    "provider...')
#3 C:\xampp\htdocs\dev.eusalud\vendor\laravel\framework\src\Illuminate\Foundation\ProviderRepository.php(135): Illuminate\Foundation\ProviderRepository->writeManifest(Array)
#4 C:\xampp\htdocs\dev.eusalud\vendor\laravel\framework\src\Illuminate\Foundation\ProviderRepository.php(60): Illuminate\Foundation\ProviderRepository->compileManifest(Array)
#5 C:\xampp\htdocs\dev.eusalud\vendor\laravel\framework\src\Illuminate\Foundation\Application.php(476): Illuminate\Foundation\ProviderRepository->load(Array)
#6 C:\xampp\htdocs\dev.eusalud\vendor\laravel\framework\src\Illuminate\Foundation\Bootstrap\RegisterProviders.php(17): Illuminate\Foundation\Application->registerConfiguredProviders()
#7 C:\xampp\htdocs\dev.eusalud\vendor\laravel\framework\src\Illuminate\Foundation\Application.php(195): Illuminate\Foundation\Bootstrap\RegisterProviders->bootstrap(Object(Illuminate\Foundation\Application))
#8 C:\xampp\htdocs\dev.eusalud\vendor\laravel\framework\src\Illuminate\Foundation\Http\Kernel.php(215): Illuminate\Foundation\Application->bootstrapWith(Array)
#9 C:\xampp\htdocs\dev.eusalud\vendor\laravel\framework\src\Illuminate\Foundation\Http\Kernel.php(110): Illuminate\Foundation\Http\Kernel->bootstrap()
#10 C:\xampp\htdocs\dev.eusalud\vendor\laravel\framework\src\Illuminate\Foundation\Http\Kernel.php(86): Illuminate\Foundation\Http\Kernel->sendRequestThroughRouter(Object(Illuminate\Http\Request))
#11 C:\xampp\htdocs\dev.eusalud\public\index.php(53): Illuminate\Foundation\Http\Kernel->handle(Object(Illuminate\Http\Request))
#12 {main}  
[2015-06-16 15:35:42] local.ERROR: exception 'ReflectionException' with message 'Class encrypter does not exist' in C:\xampp\htdocs\dev.eusalud\vendor\laravel\framework\src\Illuminate\Container\Container.php:736
Stack trace:
#0 C:\xampp\htdocs\dev.eusalud\vendor\laravel\framework\src\Illuminate\Container\Container.php(736): ReflectionClass->__construct('encrypter')
#1 C:\xampp\htdocs\dev.eusalud\vendor\laravel\framework\src\Illuminate\Container\Container.php(626): Illuminate\Container\Container->build('encrypter', Array)
#2 C:\xampp\htdocs\dev.eusalud\vendor\laravel\framework\src\Illuminate\Foundation\Application.php(643): Illuminate\Container\Container->make('encrypter', Array)
#3 C:\xampp\htdocs\dev.eusalud\vendor\laravel\framework\src\Illuminate\Container\Container.php(837): Illuminate\Foundation\Application->make('Illuminate\\Cont...')
#4 C:\xampp\htdocs\dev.eusalud\vendor\laravel\framework\src\Illuminate\Container\Container.php(800): Illuminate\Container\Container->resolveClass(Object(ReflectionParameter))
#5 C:\xampp\htdocs\dev.eusalud\vendor\laravel\framework\src\Illuminate\Container\Container.php(771): Illuminate\Container\Container->getDependencies(Array, Array)
#6 C:\xampp\htdocs\dev.eusalud\vendor\laravel\framework\src\Illuminate\Container\Container.php(626): Illuminate\Container\Container->build('Illuminate\\Cook...', Array)
#7 C:\xampp\htdocs\dev.eusalud\vendor\laravel\framework\src\Illuminate\Foundation\Application.php(643): Illuminate\Container\Container->make('Illuminate\\Cook...', Array)
#8 C:\xampp\htdocs\dev.eusalud\vendor\laravel\framework\src\Illuminate\Foundation\Http\Kernel.php(135): Illuminate\Foundation\Application->make('Illuminate\\Cook...')
#9 C:\xampp\htdocs\dev.eusalud\public\index.php(57): Illuminate\Foundation\Http\Kernel->terminate(Object(Illuminate\Http\Request), Object(Illuminate\Http\Response))
#10 {main}  
[2015-06-16 15:35:42] local.ERROR: exception 'ErrorException' with message 'file_put_contents(C:\xampp\htdocs\dev.eusalud/bootstrap/cache/services.json): failed to open stream: No such file or directory' in C:\xampp\htdocs\dev.eusalud\vendor\laravel\framework\src\Illuminate\Filesystem\Filesystem.php:81
Stack trace:
#0 [internal function]: Illuminate\Foundation\Bootstrap\HandleExceptions->handleError(2, 'file_put_conten...', 'C:\\xampp\\htdocs...', 81, Array)
#1 C:\xampp\htdocs\dev.eusalud\vendor\laravel\framework\src\Illuminate\Filesystem\Filesystem.php(81): file_put_contents('C:\\xampp\\htdocs...', '{\n    "provider...', 0)
#2 C:\xampp\htdocs\dev.eusalud\vendor\laravel\framework\src\Illuminate\Foundation\ProviderRepository.php(188): Illuminate\Filesystem\Filesystem->put('C:\\xampp\\htdocs...', '{\n    "provider...')
#3 C:\xampp\htdocs\dev.eusalud\vendor\laravel\framework\src\Illuminate\Foundation\ProviderRepository.php(135): Illuminate\Foundation\ProviderRepository->writeManifest(Array)
#4 C:\xampp\htdocs\dev.eusalud\vendor\laravel\framework\src\Illuminate\Foundation\ProviderRepository.php(60): Illuminate\Foundation\ProviderRepository->compileManifest(Array)
#5 C:\xampp\htdocs\dev.eusalud\vendor\laravel\framework\src\Illuminate\Foundation\Application.php(476): Illuminate\Foundation\ProviderRepository->load(Array)
#6 C:\xampp\htdocs\dev.eusalud\vendor\laravel\framework\src\Illuminate\Foundation\Bootstrap\RegisterProviders.php(17): Illuminate\Foundation\Application->registerConfiguredProviders()
#7 C:\xampp\htdocs\dev.eusalud\vendor\laravel\framework\src\Illuminate\Foundation\Application.php(195): Illuminate\Foundation\Bootstrap\RegisterProviders->bootstrap(Object(Illuminate\Foundation\Application))
#8 C:\xampp\htdocs\dev.eusalud\vendor\laravel\framework\src\Illuminate\Foundation\Http\Kernel.php(215): Illuminate\Foundation\Application->bootstrapWith(Array)
#9 C:\xampp\htdocs\dev.eusalud\vendor\laravel\framework\src\Illuminate\Foundation\Http\Kernel.php(110): Illuminate\Foundation\Http\Kernel->bootstrap()
#10 C:\xampp\htdocs\dev.eusalud\vendor\laravel\framework\src\Illuminate\Foundation\Http\Kernel.php(86): Illuminate\Foundation\Http\Kernel->sendRequestThroughRouter(Object(Illuminate\Http\Request))
#11 C:\xampp\htdocs\dev.eusalud\public\index.php(53): Illuminate\Foundation\Http\Kernel->handle(Object(Illuminate\Http\Request))
#12 {main}  
[2015-06-16 15:35:42] local.ERROR: exception 'ReflectionException' with message 'Class encrypter does not exist' in C:\xampp\htdocs\dev.eusalud\vendor\laravel\framework\src\Illuminate\Container\Container.php:736
Stack trace:
#0 C:\xampp\htdocs\dev.eusalud\vendor\laravel\framework\src\Illuminate\Container\Container.php(736): ReflectionClass->__construct('encrypter')
#1 C:\xampp\htdocs\dev.eusalud\vendor\laravel\framework\src\Illuminate\Container\Container.php(626): Illuminate\Container\Container->build('encrypter', Array)
#2 C:\xampp\htdocs\dev.eusalud\vendor\laravel\framework\src\Illuminate\Foundation\Application.php(643): Illuminate\Container\Container->make('encrypter', Array)
#3 C:\xampp\htdocs\dev.eusalud\vendor\laravel\framework\src\Illuminate\Container\Container.php(837): Illuminate\Foundation\Application->make('Illuminate\\Cont...')
#4 C:\xampp\htdocs\dev.eusalud\vendor\laravel\framework\src\Illuminate\Container\Container.php(800): Illuminate\Container\Container->resolveClass(Object(ReflectionParameter))
#5 C:\xampp\htdocs\dev.eusalud\vendor\laravel\framework\src\Illuminate\Container\Container.php(771): Illuminate\Container\Container->getDependencies(Array, Array)
#6 C:\xampp\htdocs\dev.eusalud\vendor\laravel\framework\src\Illuminate\Container\Container.php(626): Illuminate\Container\Container->build('Illuminate\\Cook...', Array)
#7 C:\xampp\htdocs\dev.eusalud\vendor\laravel\framework\src\Illuminate\Foundation\Application.php(643): Illuminate\Container\Container->make('Illuminate\\Cook...', Array)
#8 C:\xampp\htdocs\dev.eusalud\vendor\laravel\framework\src\Illuminate\Foundation\Http\Kernel.php(135): Illuminate\Foundation\Application->make('Illuminate\\Cook...')
#9 C:\xampp\htdocs\dev.eusalud\public\index.php(57): Illuminate\Foundation\Http\Kernel->terminate(Object(Illuminate\Http\Request), Object(Illuminate\Http\Response))
#10 {main}  
[2015-06-16 15:35:42] local.ERROR: exception 'ErrorException' with message 'file_put_contents(C:\xampp\htdocs\dev.eusalud/bootstrap/cache/services.json): failed to open stream: No such file or directory' in C:\xampp\htdocs\dev.eusalud\vendor\laravel\framework\src\Illuminate\Filesystem\Filesystem.php:81
Stack trace:
#0 [internal function]: Illuminate\Foundation\Bootstrap\HandleExceptions->handleError(2, 'file_put_conten...', 'C:\\xampp\\htdocs...', 81, Array)
#1 C:\xampp\htdocs\dev.eusalud\vendor\laravel\framework\src\Illuminate\Filesystem\Filesystem.php(81): file_put_contents('C:\\xampp\\htdocs...', '{\n    "provider...', 0)
#2 C:\xampp\htdocs\dev.eusalud\vendor\laravel\framework\src\Illuminate\Foundation\ProviderRepository.php(188): Illuminate\Filesystem\Filesystem->put('C:\\xampp\\htdocs...', '{\n    "provider...')
#3 C:\xampp\htdocs\dev.eusalud\vendor\laravel\framework\src\Illuminate\Foundation\ProviderRepository.php(135): Illuminate\Foundation\ProviderRepository->writeManifest(Array)
#4 C:\xampp\htdocs\dev.eusalud\vendor\laravel\framework\src\Illuminate\Foundation\ProviderRepository.php(60): Illuminate\Foundation\ProviderRepository->compileManifest(Array)
#5 C:\xampp\htdocs\dev.eusalud\vendor\laravel\framework\src\Illuminate\Foundation\Application.php(476): Illuminate\Foundation\ProviderRepository->load(Array)
#6 C:\xampp\htdocs\dev.eusalud\vendor\laravel\framework\src\Illuminate\Foundation\Bootstrap\RegisterProviders.php(17): Illuminate\Foundation\Application->registerConfiguredProviders()
#7 C:\xampp\htdocs\dev.eusalud\vendor\laravel\framework\src\Illuminate\Foundation\Application.php(195): Illuminate\Foundation\Bootstrap\RegisterProviders->bootstrap(Object(Illuminate\Foundation\Application))
#8 C:\xampp\htdocs\dev.eusalud\vendor\laravel\framework\src\Illuminate\Foundation\Http\Kernel.php(215): Illuminate\Foundation\Application->bootstrapWith(Array)
#9 C:\xampp\htdocs\dev.eusalud\vendor\laravel\framework\src\Illuminate\Foundation\Http\Kernel.php(110): Illuminate\Foundation\Http\Kernel->bootstrap()
#10 C:\xampp\htdocs\dev.eusalud\vendor\laravel\framework\src\Illuminate\Foundation\Http\Kernel.php(86): Illuminate\Foundation\Http\Kernel->sendRequestThroughRouter(Object(Illuminate\Http\Request))
#11 C:\xampp\htdocs\dev.eusalud\public\index.php(53): Illuminate\Foundation\Http\Kernel->handle(Object(Illuminate\Http\Request))
#12 {main}  
[2015-06-16 15:35:42] local.ERROR: exception 'ReflectionException' with message 'Class encrypter does not exist' in C:\xampp\htdocs\dev.eusalud\vendor\laravel\framework\src\Illuminate\Container\Container.php:736
Stack trace:
#0 C:\xampp\htdocs\dev.eusalud\vendor\laravel\framework\src\Illuminate\Container\Container.php(736): ReflectionClass->__construct('encrypter')
#1 C:\xampp\htdocs\dev.eusalud\vendor\laravel\framework\src\Illuminate\Container\Container.php(626): Illuminate\Container\Container->build('encrypter', Array)
#2 C:\xampp\htdocs\dev.eusalud\vendor\laravel\framework\src\Illuminate\Foundation\Application.php(643): Illuminate\Container\Container->make('encrypter', Array)
#3 C:\xampp\htdocs\dev.eusalud\vendor\laravel\framework\src\Illuminate\Container\Container.php(837): Illuminate\Foundation\Application->make('Illuminate\\Cont...')
#4 C:\xampp\htdocs\dev.eusalud\vendor\laravel\framework\src\Illuminate\Container\Container.php(800): Illuminate\Container\Container->resolveClass(Object(ReflectionParameter))
#5 C:\xampp\htdocs\dev.eusalud\vendor\laravel\framework\src\Illuminate\Container\Container.php(771): Illuminate\Container\Container->getDependencies(Array, Array)
#6 C:\xampp\htdocs\dev.eusalud\vendor\laravel\framework\src\Illuminate\Container\Container.php(626): Illuminate\Container\Container->build('Illuminate\\Cook...', Array)
#7 C:\xampp\htdocs\dev.eusalud\vendor\laravel\framework\src\Illuminate\Foundation\Application.php(643): Illuminate\Container\Container->make('Illuminate\\Cook...', Array)
#8 C:\xampp\htdocs\dev.eusalud\vendor\laravel\framework\src\Illuminate\Foundation\Http\Kernel.php(135): Illuminate\Foundation\Application->make('Illuminate\\Cook...')
#9 C:\xampp\htdocs\dev.eusalud\public\index.php(57): Illuminate\Foundation\Http\Kernel->terminate(Object(Illuminate\Http\Request), Object(Illuminate\Http\Response))
#10 {main}  
[2015-06-16 15:35:43] local.ERROR: exception 'ErrorException' with message 'file_put_contents(C:\xampp\htdocs\dev.eusalud/bootstrap/cache/services.json): failed to open stream: No such file or directory' in C:\xampp\htdocs\dev.eusalud\vendor\laravel\framework\src\Illuminate\Filesystem\Filesystem.php:81
Stack trace:
#0 [internal function]: Illuminate\Foundation\Bootstrap\HandleExceptions->handleError(2, 'file_put_conten...', 'C:\\xampp\\htdocs...', 81, Array)
#1 C:\xampp\htdocs\dev.eusalud\vendor\laravel\framework\src\Illuminate\Filesystem\Filesystem.php(81): file_put_contents('C:\\xampp\\htdocs...', '{\n    "provider...', 0)
#2 C:\xampp\htdocs\dev.eusalud\vendor\laravel\framework\src\Illuminate\Foundation\ProviderRepository.php(188): Illuminate\Filesystem\Filesystem->put('C:\\xampp\\htdocs...', '{\n    "provider...')
#3 C:\xampp\htdocs\dev.eusalud\vendor\laravel\framework\src\Illuminate\Foundation\ProviderRepository.php(135): Illuminate\Foundation\ProviderRepository->writeManifest(Array)
#4 C:\xampp\htdocs\dev.eusalud\vendor\laravel\framework\src\Illuminate\Foundation\ProviderRepository.php(60): Illuminate\Foundation\ProviderRepository->compileManifest(Array)
#5 C:\xampp\htdocs\dev.eusalud\vendor\laravel\framework\src\Illuminate\Foundation\Application.php(476): Illuminate\Foundation\ProviderRepository->load(Array)
#6 C:\xampp\htdocs\dev.eusalud\vendor\laravel\framework\src\Illuminate\Foundation\Bootstrap\RegisterProviders.php(17): Illuminate\Foundation\Application->registerConfiguredProviders()
#7 C:\xampp\htdocs\dev.eusalud\vendor\laravel\framework\src\Illuminate\Foundation\Application.php(195): Illuminate\Foundation\Bootstrap\RegisterProviders->bootstrap(Object(Illuminate\Foundation\Application))
#8 C:\xampp\htdocs\dev.eusalud\vendor\laravel\framework\src\Illuminate\Foundation\Http\Kernel.php(215): Illuminate\Foundation\Application->bootstrapWith(Array)
#9 C:\xampp\htdocs\dev.eusalud\vendor\laravel\framework\src\Illuminate\Foundation\Http\Kernel.php(110): Illuminate\Foundation\Http\Kernel->bootstrap()
#10 C:\xampp\htdocs\dev.eusalud\vendor\laravel\framework\src\Illuminate\Foundation\Http\Kernel.php(86): Illuminate\Foundation\Http\Kernel->sendRequestThroughRouter(Object(Illuminate\Http\Request))
#11 C:\xampp\htdocs\dev.eusalud\public\index.php(53): Illuminate\Foundation\Http\Kernel->handle(Object(Illuminate\Http\Request))
#12 {main}  
[2015-06-16 15:35:43] local.ERROR: exception 'ReflectionException' with message 'Class encrypter does not exist' in C:\xampp\htdocs\dev.eusalud\vendor\laravel\framework\src\Illuminate\Container\Container.php:736
Stack trace:
#0 C:\xampp\htdocs\dev.eusalud\vendor\laravel\framework\src\Illuminate\Container\Container.php(736): ReflectionClass->__construct('encrypter')
#1 C:\xampp\htdocs\dev.eusalud\vendor\laravel\framework\src\Illuminate\Container\Container.php(626): Illuminate\Container\Container->build('encrypter', Array)
#2 C:\xampp\htdocs\dev.eusalud\vendor\laravel\framework\src\Illuminate\Foundation\Application.php(643): Illuminate\Container\Container->make('encrypter', Array)
#3 C:\xampp\htdocs\dev.eusalud\vendor\laravel\framework\src\Illuminate\Container\Container.php(837): Illuminate\Foundation\Application->make('Illuminate\\Cont...')
#4 C:\xampp\htdocs\dev.eusalud\vendor\laravel\framework\src\Illuminate\Container\Container.php(800): Illuminate\Container\Container->resolveClass(Object(ReflectionParameter))
#5 C:\xampp\htdocs\dev.eusalud\vendor\laravel\framework\src\Illuminate\Container\Container.php(771): Illuminate\Container\Container->getDependencies(Array, Array)
#6 C:\xampp\htdocs\dev.eusalud\vendor\laravel\framework\src\Illuminate\Container\Container.php(626): Illuminate\Container\Container->build('Illuminate\\Cook...', Array)
#7 C:\xampp\htdocs\dev.eusalud\vendor\laravel\framework\src\Illuminate\Foundation\Application.php(643): Illuminate\Container\Container->make('Illuminate\\Cook...', Array)
#8 C:\xampp\htdocs\dev.eusalud\vendor\laravel\framework\src\Illuminate\Foundation\Http\Kernel.php(135): Illuminate\Foundation\Application->make('Illuminate\\Cook...')
#9 C:\xampp\htdocs\dev.eusalud\public\index.php(57): Illuminate\Foundation\Http\Kernel->terminate(Object(Illuminate\Http\Request), Object(Illuminate\Http\Response))
#10 {main}  
[2015-06-16 15:37:05] local.ERROR: exception 'ErrorException' with message 'file_put_contents(C:\xampp\htdocs\dev.eusalud/bootstrap/cache/services.json): failed to open stream: No such file or directory' in C:\xampp\htdocs\dev.eusalud\vendor\laravel\framework\src\Illuminate\Filesystem\Filesystem.php:81
Stack trace:
#0 [internal function]: Illuminate\Foundation\Bootstrap\HandleExceptions->handleError(2, 'file_put_conten...', 'C:\\xampp\\htdocs...', 81, Array)
#1 C:\xampp\htdocs\dev.eusalud\vendor\laravel\framework\src\Illuminate\Filesystem\Filesystem.php(81): file_put_contents('C:\\xampp\\htdocs...', '{\n    "provider...', 0)
#2 C:\xampp\htdocs\dev.eusalud\vendor\laravel\framework\src\Illuminate\Foundation\ProviderRepository.php(188): Illuminate\Filesystem\Filesystem->put('C:\\xampp\\htdocs...', '{\n    "provider...')
#3 C:\xampp\htdocs\dev.eusalud\vendor\laravel\framework\src\Illuminate\Foundation\ProviderRepository.php(135): Illuminate\Foundation\ProviderRepository->writeManifest(Array)
#4 C:\xampp\htdocs\dev.eusalud\vendor\laravel\framework\src\Illuminate\Foundation\ProviderRepository.php(60): Illuminate\Foundation\ProviderRepository->compileManifest(Array)
#5 C:\xampp\htdocs\dev.eusalud\vendor\laravel\framework\src\Illuminate\Foundation\Application.php(476): Illuminate\Foundation\ProviderRepository->load(Array)
#6 C:\xampp\htdocs\dev.eusalud\vendor\laravel\framework\src\Illuminate\Foundation\Bootstrap\RegisterProviders.php(17): Illuminate\Foundation\Application->registerConfiguredProviders()
#7 C:\xampp\htdocs\dev.eusalud\vendor\laravel\framework\src\Illuminate\Foundation\Application.php(195): Illuminate\Foundation\Bootstrap\RegisterProviders->bootstrap(Object(Illuminate\Foundation\Application))
#8 C:\xampp\htdocs\dev.eusalud\vendor\laravel\framework\src\Illuminate\Foundation\Http\Kernel.php(215): Illuminate\Foundation\Application->bootstrapWith(Array)
#9 C:\xampp\htdocs\dev.eusalud\vendor\laravel\framework\src\Illuminate\Foundation\Http\Kernel.php(110): Illuminate\Foundation\Http\Kernel->bootstrap()
#10 C:\xampp\htdocs\dev.eusalud\vendor\laravel\framework\src\Illuminate\Foundation\Http\Kernel.php(86): Illuminate\Foundation\Http\Kernel->sendRequestThroughRouter(Object(Illuminate\Http\Request))
#11 C:\xampp\htdocs\dev.eusalud\public\index.php(53): Illuminate\Foundation\Http\Kernel->handle(Object(Illuminate\Http\Request))
#12 {main}  
[2015-06-16 15:37:05] local.ERROR: exception 'ReflectionException' with message 'Class encrypter does not exist' in C:\xampp\htdocs\dev.eusalud\vendor\laravel\framework\src\Illuminate\Container\Container.php:736
Stack trace:
#0 C:\xampp\htdocs\dev.eusalud\vendor\laravel\framework\src\Illuminate\Container\Container.php(736): ReflectionClass->__construct('encrypter')
#1 C:\xampp\htdocs\dev.eusalud\vendor\laravel\framework\src\Illuminate\Container\Container.php(626): Illuminate\Container\Container->build('encrypter', Array)
#2 C:\xampp\htdocs\dev.eusalud\vendor\laravel\framework\src\Illuminate\Foundation\Application.php(643): Illuminate\Container\Container->make('encrypter', Array)
#3 C:\xampp\htdocs\dev.eusalud\vendor\laravel\framework\src\Illuminate\Container\Container.php(837): Illuminate\Foundation\Application->make('Illuminate\\Cont...')
#4 C:\xampp\htdocs\dev.eusalud\vendor\laravel\framework\src\Illuminate\Container\Container.php(800): Illuminate\Container\Container->resolveClass(Object(ReflectionParameter))
#5 C:\xampp\htdocs\dev.eusalud\vendor\laravel\framework\src\Illuminate\Container\Container.php(771): Illuminate\Container\Container->getDependencies(Array, Array)
#6 C:\xampp\htdocs\dev.eusalud\vendor\laravel\framework\src\Illuminate\Container\Container.php(626): Illuminate\Container\Container->build('Illuminate\\Cook...', Array)
#7 C:\xampp\htdocs\dev.eusalud\vendor\laravel\framework\src\Illuminate\Foundation\Application.php(643): Illuminate\Container\Container->make('Illuminate\\Cook...', Array)
#8 C:\xampp\htdocs\dev.eusalud\vendor\laravel\framework\src\Illuminate\Foundation\Http\Kernel.php(135): Illuminate\Foundation\Application->make('Illuminate\\Cook...')
#9 C:\xampp\htdocs\dev.eusalud\public\index.php(57): Illuminate\Foundation\Http\Kernel->terminate(Object(Illuminate\Http\Request), Object(Illuminate\Http\Response))
#10 {main}  
[2015-06-16 15:44:44] local.ERROR: exception 'ErrorException' with message 'file_put_contents(C:\xampp\htdocs\dev.eusalud/bootstrap/cache/services.json): failed to open stream: No such file or directory' in C:\xampp\htdocs\dev.eusalud\vendor\laravel\framework\src\Illuminate\Filesystem\Filesystem.php:81
Stack trace:
#0 [internal function]: Illuminate\Foundation\Bootstrap\HandleExceptions->handleError(2, 'file_put_conten...', 'C:\\xampp\\htdocs...', 81, Array)
#1 C:\xampp\htdocs\dev.eusalud\vendor\laravel\framework\src\Illuminate\Filesystem\Filesystem.php(81): file_put_contents('C:\\xampp\\htdocs...', '{\n    "provider...', 0)
#2 C:\xampp\htdocs\dev.eusalud\vendor\laravel\framework\src\Illuminate\Foundation\ProviderRepository.php(188): Illuminate\Filesystem\Filesystem->put('C:\\xampp\\htdocs...', '{\n    "provider...')
#3 C:\xampp\htdocs\dev.eusalud\vendor\laravel\framework\src\Illuminate\Foundation\ProviderRepository.php(135): Illuminate\Foundation\ProviderRepository->writeManifest(Array)
#4 C:\xampp\htdocs\dev.eusalud\vendor\laravel\framework\src\Illuminate\Foundation\ProviderRepository.php(60): Illuminate\Foundation\ProviderRepository->compileManifest(Array)
#5 C:\xampp\htdocs\dev.eusalud\vendor\laravel\framework\src\Illuminate\Foundation\Application.php(476): Illuminate\Foundation\ProviderRepository->load(Array)
#6 C:\xampp\htdocs\dev.eusalud\vendor\laravel\framework\src\Illuminate\Foundation\Bootstrap\RegisterProviders.php(17): Illuminate\Foundation\Application->registerConfiguredProviders()
#7 C:\xampp\htdocs\dev.eusalud\vendor\laravel\framework\src\Illuminate\Foundation\Application.php(195): Illuminate\Foundation\Bootstrap\RegisterProviders->bootstrap(Object(Illuminate\Foundation\Application))
#8 C:\xampp\htdocs\dev.eusalud\vendor\laravel\framework\src\Illuminate\Foundation\Http\Kernel.php(215): Illuminate\Foundation\Application->bootstrapWith(Array)
#9 C:\xampp\htdocs\dev.eusalud\vendor\laravel\framework\src\Illuminate\Foundation\Http\Kernel.php(110): Illuminate\Foundation\Http\Kernel->bootstrap()
#10 C:\xampp\htdocs\dev.eusalud\vendor\laravel\framework\src\Illuminate\Foundation\Http\Kernel.php(86): Illuminate\Foundation\Http\Kernel->sendRequestThroughRouter(Object(Illuminate\Http\Request))
#11 C:\xampp\htdocs\dev.eusalud\public\index.php(53): Illuminate\Foundation\Http\Kernel->handle(Object(Illuminate\Http\Request))
#12 {main}  
[2015-06-16 15:44:44] local.ERROR: exception 'ReflectionException' with message 'Class encrypter does not exist' in C:\xampp\htdocs\dev.eusalud\vendor\laravel\framework\src\Illuminate\Container\Container.php:736
Stack trace:
#0 C:\xampp\htdocs\dev.eusalud\vendor\laravel\framework\src\Illuminate\Container\Container.php(736): ReflectionClass->__construct('encrypter')
#1 C:\xampp\htdocs\dev.eusalud\vendor\laravel\framework\src\Illuminate\Container\Container.php(626): Illuminate\Container\Container->build('encrypter', Array)
#2 C:\xampp\htdocs\dev.eusalud\vendor\laravel\framework\src\Illuminate\Foundation\Application.php(643): Illuminate\Container\Container->make('encrypter', Array)
#3 C:\xampp\htdocs\dev.eusalud\vendor\laravel\framework\src\Illuminate\Container\Container.php(837): Illuminate\Foundation\Application->make('Illuminate\\Cont...')
#4 C:\xampp\htdocs\dev.eusalud\vendor\laravel\framework\src\Illuminate\Container\Container.php(800): Illuminate\Container\Container->resolveClass(Object(ReflectionParameter))
#5 C:\xampp\htdocs\dev.eusalud\vendor\laravel\framework\src\Illuminate\Container\Container.php(771): Illuminate\Container\Container->getDependencies(Array, Array)
#6 C:\xampp\htdocs\dev.eusalud\vendor\laravel\framework\src\Illuminate\Container\Container.php(626): Illuminate\Container\Container->build('Illuminate\\Cook...', Array)
#7 C:\xampp\htdocs\dev.eusalud\vendor\laravel\framework\src\Illuminate\Foundation\Application.php(643): Illuminate\Container\Container->make('Illuminate\\Cook...', Array)
#8 C:\xampp\htdocs\dev.eusalud\vendor\laravel\framework\src\Illuminate\Foundation\Http\Kernel.php(135): Illuminate\Foundation\Application->make('Illuminate\\Cook...')
#9 C:\xampp\htdocs\dev.eusalud\public\index.php(57): Illuminate\Foundation\Http\Kernel->terminate(Object(Illuminate\Http\Request), Object(Illuminate\Http\Response))
#10 {main}  
[2015-06-16 16:55:11] local.ERROR: exception 'ErrorException' with message 'file_put_contents(C:\xampp\htdocs\dev.eusalud/bootstrap/cache/services.json): failed to open stream: No such file or directory' in C:\xampp\htdocs\dev.eusalud\vendor\laravel\framework\src\Illuminate\Filesystem\Filesystem.php:81
Stack trace:
#0 [internal function]: Illuminate\Foundation\Bootstrap\HandleExceptions->handleError(2, 'file_put_conten...', 'C:\\xampp\\htdocs...', 81, Array)
#1 C:\xampp\htdocs\dev.eusalud\vendor\laravel\framework\src\Illuminate\Filesystem\Filesystem.php(81): file_put_contents('C:\\xampp\\htdocs...', '{\n    "provider...', 0)
#2 C:\xampp\htdocs\dev.eusalud\vendor\laravel\framework\src\Illuminate\Foundation\ProviderRepository.php(188): Illuminate\Filesystem\Filesystem->put('C:\\xampp\\htdocs...', '{\n    "provider...')
#3 C:\xampp\htdocs\dev.eusalud\vendor\laravel\framework\src\Illuminate\Foundation\ProviderRepository.php(135): Illuminate\Foundation\ProviderRepository->writeManifest(Array)
#4 C:\xampp\htdocs\dev.eusalud\vendor\laravel\framework\src\Illuminate\Foundation\ProviderRepository.php(60): Illuminate\Foundation\ProviderRepository->compileManifest(Array)
#5 C:\xampp\htdocs\dev.eusalud\vendor\laravel\framework\src\Illuminate\Foundation\Application.php(476): Illuminate\Foundation\ProviderRepository->load(Array)
#6 C:\xampp\htdocs\dev.eusalud\vendor\laravel\framework\src\Illuminate\Foundation\Bootstrap\RegisterProviders.php(17): Illuminate\Foundation\Application->registerConfiguredProviders()
#7 C:\xampp\htdocs\dev.eusalud\vendor\laravel\framework\src\Illuminate\Foundation\Application.php(195): Illuminate\Foundation\Bootstrap\RegisterProviders->bootstrap(Object(Illuminate\Foundation\Application))
#8 C:\xampp\htdocs\dev.eusalud\vendor\laravel\framework\src\Illuminate\Foundation\Http\Kernel.php(215): Illuminate\Foundation\Application->bootstrapWith(Array)
#9 C:\xampp\htdocs\dev.eusalud\vendor\laravel\framework\src\Illuminate\Foundation\Http\Kernel.php(110): Illuminate\Foundation\Http\Kernel->bootstrap()
#10 C:\xampp\htdocs\dev.eusalud\vendor\laravel\framework\src\Illuminate\Foundation\Http\Kernel.php(86): Illuminate\Foundation\Http\Kernel->sendRequestThroughRouter(Object(Illuminate\Http\Request))
#11 C:\xampp\htdocs\dev.eusalud\public\index.php(53): Illuminate\Foundation\Http\Kernel->handle(Object(Illuminate\Http\Request))
#12 {main}  
[2015-06-16 16:55:11] local.ERROR: exception 'ReflectionException' with message 'Class encrypter does not exist' in C:\xampp\htdocs\dev.eusalud\vendor\laravel\framework\src\Illuminate\Container\Container.php:736
Stack trace:
#0 C:\xampp\htdocs\dev.eusalud\vendor\laravel\framework\src\Illuminate\Container\Container.php(736): ReflectionClass->__construct('encrypter')
#1 C:\xampp\htdocs\dev.eusalud\vendor\laravel\framework\src\Illuminate\Container\Container.php(626): Illuminate\Container\Container->build('encrypter', Array)
#2 C:\xampp\htdocs\dev.eusalud\vendor\laravel\framework\src\Illuminate\Foundation\Application.php(643): Illuminate\Container\Container->make('encrypter', Array)
#3 C:\xampp\htdocs\dev.eusalud\vendor\laravel\framework\src\Illuminate\Container\Container.php(837): Illuminate\Foundation\Application->make('Illuminate\\Cont...')
#4 C:\xampp\htdocs\dev.eusalud\vendor\laravel\framework\src\Illuminate\Container\Container.php(800): Illuminate\Container\Container->resolveClass(Object(ReflectionParameter))
#5 C:\xampp\htdocs\dev.eusalud\vendor\laravel\framework\src\Illuminate\Container\Container.php(771): Illuminate\Container\Container->getDependencies(Array, Array)
#6 C:\xampp\htdocs\dev.eusalud\vendor\laravel\framework\src\Illuminate\Container\Container.php(626): Illuminate\Container\Container->build('Illuminate\\Cook...', Array)
#7 C:\xampp\htdocs\dev.eusalud\vendor\laravel\framework\src\Illuminate\Foundation\Application.php(643): Illuminate\Container\Container->make('Illuminate\\Cook...', Array)
#8 C:\xampp\htdocs\dev.eusalud\vendor\laravel\framework\src\Illuminate\Foundation\Http\Kernel.php(135): Illuminate\Foundation\Application->make('Illuminate\\Cook...')
#9 C:\xampp\htdocs\dev.eusalud\public\index.php(57): Illuminate\Foundation\Http\Kernel->terminate(Object(Illuminate\Http\Request), Object(Illuminate\Http\Response))
#10 {main}  
[2015-06-16 17:09:16] local.ERROR: exception 'ErrorException' with message 'file_put_contents(C:\xampp\htdocs\dev.eusalud/bootstrap/cache/services.json): failed to open stream: No such file or directory' in C:\xampp\htdocs\dev.eusalud\vendor\laravel\framework\src\Illuminate\Filesystem\Filesystem.php:81
Stack trace:
#0 [internal function]: Illuminate\Foundation\Bootstrap\HandleExceptions->handleError(2, 'file_put_conten...', 'C:\\xampp\\htdocs...', 81, Array)
#1 C:\xampp\htdocs\dev.eusalud\vendor\laravel\framework\src\Illuminate\Filesystem\Filesystem.php(81): file_put_contents('C:\\xampp\\htdocs...', '{\n    "provider...', 0)
#2 C:\xampp\htdocs\dev.eusalud\vendor\laravel\framework\src\Illuminate\Foundation\ProviderRepository.php(188): Illuminate\Filesystem\Filesystem->put('C:\\xampp\\htdocs...', '{\n    "provider...')
#3 C:\xampp\htdocs\dev.eusalud\vendor\laravel\framework\src\Illuminate\Foundation\ProviderRepository.php(135): Illuminate\Foundation\ProviderRepository->writeManifest(Array)
#4 C:\xampp\htdocs\dev.eusalud\vendor\laravel\framework\src\Illuminate\Foundation\ProviderRepository.php(60): Illuminate\Foundation\ProviderRepository->compileManifest(Array)
#5 C:\xampp\htdocs\dev.eusalud\vendor\laravel\framework\src\Illuminate\Foundation\Application.php(476): Illuminate\Foundation\ProviderRepository->load(Array)
#6 C:\xampp\htdocs\dev.eusalud\vendor\laravel\framework\src\Illuminate\Foundation\Bootstrap\RegisterProviders.php(17): Illuminate\Foundation\Application->registerConfiguredProviders()
#7 C:\xampp\htdocs\dev.eusalud\vendor\laravel\framework\src\Illuminate\Foundation\Application.php(195): Illuminate\Foundation\Bootstrap\RegisterProviders->bootstrap(Object(Illuminate\Foundation\Application))
#8 C:\xampp\htdocs\dev.eusalud\vendor\laravel\framework\src\Illuminate\Foundation\Http\Kernel.php(215): Illuminate\Foundation\Application->bootstrapWith(Array)
#9 C:\xampp\htdocs\dev.eusalud\vendor\laravel\framework\src\Illuminate\Foundation\Http\Kernel.php(110): Illuminate\Foundation\Http\Kernel->bootstrap()
#10 C:\xampp\htdocs\dev.eusalud\vendor\laravel\framework\src\Illuminate\Foundation\Http\Kernel.php(86): Illuminate\Foundation\Http\Kernel->sendRequestThroughRouter(Object(Illuminate\Http\Request))
#11 C:\xampp\htdocs\dev.eusalud\public\index.php(53): Illuminate\Foundation\Http\Kernel->handle(Object(Illuminate\Http\Request))
#12 {main}  
[2015-06-16 17:09:16] local.ERROR: exception 'ReflectionException' with message 'Class encrypter does not exist' in C:\xampp\htdocs\dev.eusalud\vendor\laravel\framework\src\Illuminate\Container\Container.php:736
Stack trace:
#0 C:\xampp\htdocs\dev.eusalud\vendor\laravel\framework\src\Illuminate\Container\Container.php(736): ReflectionClass->__construct('encrypter')
#1 C:\xampp\htdocs\dev.eusalud\vendor\laravel\framework\src\Illuminate\Container\Container.php(626): Illuminate\Container\Container->build('encrypter', Array)
#2 C:\xampp\htdocs\dev.eusalud\vendor\laravel\framework\src\Illuminate\Foundation\Application.php(643): Illuminate\Container\Container->make('encrypter', Array)
#3 C:\xampp\htdocs\dev.eusalud\vendor\laravel\framework\src\Illuminate\Container\Container.php(837): Illuminate\Foundation\Application->make('Illuminate\\Cont...')
#4 C:\xampp\htdocs\dev.eusalud\vendor\laravel\framework\src\Illuminate\Container\Container.php(800): Illuminate\Container\Container->resolveClass(Object(ReflectionParameter))
#5 C:\xampp\htdocs\dev.eusalud\vendor\laravel\framework\src\Illuminate\Container\Container.php(771): Illuminate\Container\Container->getDependencies(Array, Array)
#6 C:\xampp\htdocs\dev.eusalud\vendor\laravel\framework\src\Illuminate\Container\Container.php(626): Illuminate\Container\Container->build('Illuminate\\Cook...', Array)
#7 C:\xampp\htdocs\dev.eusalud\vendor\laravel\framework\src\Illuminate\Foundation\Application.php(643): Illuminate\Container\Container->make('Illuminate\\Cook...', Array)
#8 C:\xampp\htdocs\dev.eusalud\vendor\laravel\framework\src\Illuminate\Foundation\Http\Kernel.php(135): Illuminate\Foundation\Application->make('Illuminate\\Cook...')
#9 C:\xampp\htdocs\dev.eusalud\public\index.php(57): Illuminate\Foundation\Http\Kernel->terminate(Object(Illuminate\Http\Request), Object(Illuminate\Http\Response))
#10 {main}  
[2015-06-16 17:29:52] local.ERROR: exception 'ErrorException' with message 'file_put_contents(C:\xampp\htdocs\dev.eusalud/bootstrap/cache/services.json): failed to open stream: No such file or directory' in C:\xampp\htdocs\dev.eusalud\vendor\laravel\framework\src\Illuminate\Filesystem\Filesystem.php:81
Stack trace:
#0 [internal function]: Illuminate\Foundation\Bootstrap\HandleExceptions->handleError(2, 'file_put_conten...', 'C:\\xampp\\htdocs...', 81, Array)
#1 C:\xampp\htdocs\dev.eusalud\vendor\laravel\framework\src\Illuminate\Filesystem\Filesystem.php(81): file_put_contents('C:\\xampp\\htdocs...', '{\n    "provider...', 0)
#2 C:\xampp\htdocs\dev.eusalud\vendor\laravel\framework\src\Illuminate\Foundation\ProviderRepository.php(188): Illuminate\Filesystem\Filesystem->put('C:\\xampp\\htdocs...', '{\n    "provider...')
#3 C:\xampp\htdocs\dev.eusalud\vendor\laravel\framework\src\Illuminate\Foundation\ProviderRepository.php(135): Illuminate\Foundation\ProviderRepository->writeManifest(Array)
#4 C:\xampp\htdocs\dev.eusalud\vendor\laravel\framework\src\Illuminate\Foundation\ProviderRepository.php(60): Illuminate\Foundation\ProviderRepository->compileManifest(Array)
#5 C:\xampp\htdocs\dev.eusalud\vendor\laravel\framework\src\Illuminate\Foundation\Application.php(476): Illuminate\Foundation\ProviderRepository->load(Array)
#6 C:\xampp\htdocs\dev.eusalud\vendor\laravel\framework\src\Illuminate\Foundation\Bootstrap\RegisterProviders.php(17): Illuminate\Foundation\Application->registerConfiguredProviders()
#7 C:\xampp\htdocs\dev.eusalud\vendor\laravel\framework\src\Illuminate\Foundation\Application.php(195): Illuminate\Foundation\Bootstrap\RegisterProviders->bootstrap(Object(Illuminate\Foundation\Application))
#8 C:\xampp\htdocs\dev.eusalud\vendor\laravel\framework\src\Illuminate\Foundation\Http\Kernel.php(215): Illuminate\Foundation\Application->bootstrapWith(Array)
#9 C:\xampp\htdocs\dev.eusalud\vendor\laravel\framework\src\Illuminate\Foundation\Http\Kernel.php(110): Illuminate\Foundation\Http\Kernel->bootstrap()
#10 C:\xampp\htdocs\dev.eusalud\vendor\laravel\framework\src\Illuminate\Foundation\Http\Kernel.php(86): Illuminate\Foundation\Http\Kernel->sendRequestThroughRouter(Object(Illuminate\Http\Request))
#11 C:\xampp\htdocs\dev.eusalud\public\index.php(53): Illuminate\Foundation\Http\Kernel->handle(Object(Illuminate\Http\Request))
#12 {main}  
[2015-06-16 17:29:52] local.ERROR: exception 'ReflectionException' with message 'Class encrypter does not exist' in C:\xampp\htdocs\dev.eusalud\vendor\laravel\framework\src\Illuminate\Container\Container.php:736
Stack trace:
#0 C:\xampp\htdocs\dev.eusalud\vendor\laravel\framework\src\Illuminate\Container\Container.php(736): ReflectionClass->__construct('encrypter')
#1 C:\xampp\htdocs\dev.eusalud\vendor\laravel\framework\src\Illuminate\Container\Container.php(626): Illuminate\Container\Container->build('encrypter', Array)
#2 C:\xampp\htdocs\dev.eusalud\vendor\laravel\framework\src\Illuminate\Foundation\Application.php(643): Illuminate\Container\Container->make('encrypter', Array)
#3 C:\xampp\htdocs\dev.eusalud\vendor\laravel\framework\src\Illuminate\Container\Container.php(837): Illuminate\Foundation\Application->make('Illuminate\\Cont...')
#4 C:\xampp\htdocs\dev.eusalud\vendor\laravel\framework\src\Illuminate\Container\Container.php(800): Illuminate\Container\Container->resolveClass(Object(ReflectionParameter))
#5 C:\xampp\htdocs\dev.eusalud\vendor\laravel\framework\src\Illuminate\Container\Container.php(771): Illuminate\Container\Container->getDependencies(Array, Array)
#6 C:\xampp\htdocs\dev.eusalud\vendor\laravel\framework\src\Illuminate\Container\Container.php(626): Illuminate\Container\Container->build('Illuminate\\Cook...', Array)
#7 C:\xampp\htdocs\dev.eusalud\vendor\laravel\framework\src\Illuminate\Foundation\Application.php(643): Illuminate\Container\Container->make('Illuminate\\Cook...', Array)
#8 C:\xampp\htdocs\dev.eusalud\vendor\laravel\framework\src\Illuminate\Foundation\Http\Kernel.php(135): Illuminate\Foundation\Application->make('Illuminate\\Cook...')
#9 C:\xampp\htdocs\dev.eusalud\public\index.php(57): Illuminate\Foundation\Http\Kernel->terminate(Object(Illuminate\Http\Request), Object(Illuminate\Http\Response))
#10 {main}  
[2015-06-16 18:50:04] local.ERROR: exception 'ErrorException' with message 'file_put_contents(C:\xampp\htdocs\dev.eusalud/bootstrap/cache/services.json): failed to open stream: No such file or directory' in C:\xampp\htdocs\dev.eusalud\vendor\laravel\framework\src\Illuminate\Filesystem\Filesystem.php:81
Stack trace:
#0 [internal function]: Illuminate\Foundation\Bootstrap\HandleExceptions->handleError(2, 'file_put_conten...', 'C:\\xampp\\htdocs...', 81, Array)
#1 C:\xampp\htdocs\dev.eusalud\vendor\laravel\framework\src\Illuminate\Filesystem\Filesystem.php(81): file_put_contents('C:\\xampp\\htdocs...', '{\n    "provider...', 0)
#2 C:\xampp\htdocs\dev.eusalud\vendor\laravel\framework\src\Illuminate\Foundation\ProviderRepository.php(188): Illuminate\Filesystem\Filesystem->put('C:\\xampp\\htdocs...', '{\n    "provider...')
#3 C:\xampp\htdocs\dev.eusalud\vendor\laravel\framework\src\Illuminate\Foundation\ProviderRepository.php(135): Illuminate\Foundation\ProviderRepository->writeManifest(Array)
#4 C:\xampp\htdocs\dev.eusalud\vendor\laravel\framework\src\Illuminate\Foundation\ProviderRepository.php(60): Illuminate\Foundation\ProviderRepository->compileManifest(Array)
#5 C:\xampp\htdocs\dev.eusalud\vendor\laravel\framework\src\Illuminate\Foundation\Application.php(476): Illuminate\Foundation\ProviderRepository->load(Array)
#6 C:\xampp\htdocs\dev.eusalud\vendor\laravel\framework\src\Illuminate\Foundation\Bootstrap\RegisterProviders.php(17): Illuminate\Foundation\Application->registerConfiguredProviders()
#7 C:\xampp\htdocs\dev.eusalud\vendor\laravel\framework\src\Illuminate\Foundation\Application.php(195): Illuminate\Foundation\Bootstrap\RegisterProviders->bootstrap(Object(Illuminate\Foundation\Application))
#8 C:\xampp\htdocs\dev.eusalud\vendor\laravel\framework\src\Illuminate\Foundation\Http\Kernel.php(215): Illuminate\Foundation\Application->bootstrapWith(Array)
#9 C:\xampp\htdocs\dev.eusalud\vendor\laravel\framework\src\Illuminate\Foundation\Http\Kernel.php(110): Illuminate\Foundation\Http\Kernel->bootstrap()
#10 C:\xampp\htdocs\dev.eusalud\vendor\laravel\framework\src\Illuminate\Foundation\Http\Kernel.php(86): Illuminate\Foundation\Http\Kernel->sendRequestThroughRouter(Object(Illuminate\Http\Request))
#11 C:\xampp\htdocs\dev.eusalud\public\index.php(53): Illuminate\Foundation\Http\Kernel->handle(Object(Illuminate\Http\Request))
#12 {main}  
[2015-06-16 18:50:04] local.ERROR: exception 'ReflectionException' with message 'Class encrypter does not exist' in C:\xampp\htdocs\dev.eusalud\vendor\laravel\framework\src\Illuminate\Container\Container.php:736
Stack trace:
#0 C:\xampp\htdocs\dev.eusalud\vendor\laravel\framework\src\Illuminate\Container\Container.php(736): ReflectionClass->__construct('encrypter')
#1 C:\xampp\htdocs\dev.eusalud\vendor\laravel\framework\src\Illuminate\Container\Container.php(626): Illuminate\Container\Container->build('encrypter', Array)
#2 C:\xampp\htdocs\dev.eusalud\vendor\laravel\framework\src\Illuminate\Foundation\Application.php(643): Illuminate\Container\Container->make('encrypter', Array)
#3 C:\xampp\htdocs\dev.eusalud\vendor\laravel\framework\src\Illuminate\Container\Container.php(837): Illuminate\Foundation\Application->make('Illuminate\\Cont...')
#4 C:\xampp\htdocs\dev.eusalud\vendor\laravel\framework\src\Illuminate\Container\Container.php(800): Illuminate\Container\Container->resolveClass(Object(ReflectionParameter))
#5 C:\xampp\htdocs\dev.eusalud\vendor\laravel\framework\src\Illuminate\Container\Container.php(771): Illuminate\Container\Container->getDependencies(Array, Array)
#6 C:\xampp\htdocs\dev.eusalud\vendor\laravel\framework\src\Illuminate\Container\Container.php(626): Illuminate\Container\Container->build('Illuminate\\Cook...', Array)
#7 C:\xampp\htdocs\dev.eusalud\vendor\laravel\framework\src\Illuminate\Foundation\Application.php(643): Illuminate\Container\Container->make('Illuminate\\Cook...', Array)
#8 C:\xampp\htdocs\dev.eusalud\vendor\laravel\framework\src\Illuminate\Foundation\Http\Kernel.php(135): Illuminate\Foundation\Application->make('Illuminate\\Cook...')
#9 C:\xampp\htdocs\dev.eusalud\public\index.php(57): Illuminate\Foundation\Http\Kernel->terminate(Object(Illuminate\Http\Request), Object(Illuminate\Http\Response))
#10 {main}  
[2015-06-16 20:40:19] local.ERROR: exception 'ErrorException' with message 'file_put_contents(C:\xampp\htdocs\dev.eusalud/bootstrap/cache/services.json): failed to open stream: No such file or directory' in C:\xampp\htdocs\dev.eusalud\vendor\laravel\framework\src\Illuminate\Filesystem\Filesystem.php:81
Stack trace:
#0 [internal function]: Illuminate\Foundation\Bootstrap\HandleExceptions->handleError(2, 'file_put_conten...', 'C:\\xampp\\htdocs...', 81, Array)
#1 C:\xampp\htdocs\dev.eusalud\vendor\laravel\framework\src\Illuminate\Filesystem\Filesystem.php(81): file_put_contents('C:\\xampp\\htdocs...', '{\n    "provider...', 0)
#2 C:\xampp\htdocs\dev.eusalud\vendor\laravel\framework\src\Illuminate\Foundation\ProviderRepository.php(188): Illuminate\Filesystem\Filesystem->put('C:\\xampp\\htdocs...', '{\n    "provider...')
#3 C:\xampp\htdocs\dev.eusalud\vendor\laravel\framework\src\Illuminate\Foundation\ProviderRepository.php(135): Illuminate\Foundation\ProviderRepository->writeManifest(Array)
#4 C:\xampp\htdocs\dev.eusalud\vendor\laravel\framework\src\Illuminate\Foundation\ProviderRepository.php(60): Illuminate\Foundation\ProviderRepository->compileManifest(Array)
#5 C:\xampp\htdocs\dev.eusalud\vendor\laravel\framework\src\Illuminate\Foundation\Application.php(476): Illuminate\Foundation\ProviderRepository->load(Array)
#6 C:\xampp\htdocs\dev.eusalud\vendor\laravel\framework\src\Illuminate\Foundation\Bootstrap\RegisterProviders.php(17): Illuminate\Foundation\Application->registerConfiguredProviders()
#7 C:\xampp\htdocs\dev.eusalud\vendor\laravel\framework\src\Illuminate\Foundation\Application.php(195): Illuminate\Foundation\Bootstrap\RegisterProviders->bootstrap(Object(Illuminate\Foundation\Application))
#8 C:\xampp\htdocs\dev.eusalud\vendor\laravel\framework\src\Illuminate\Foundation\Http\Kernel.php(215): Illuminate\Foundation\Application->bootstrapWith(Array)
#9 C:\xampp\htdocs\dev.eusalud\vendor\laravel\framework\src\Illuminate\Foundation\Http\Kernel.php(110): Illuminate\Foundation\Http\Kernel->bootstrap()
#10 C:\xampp\htdocs\dev.eusalud\vendor\laravel\framework\src\Illuminate\Foundation\Http\Kernel.php(86): Illuminate\Foundation\Http\Kernel->sendRequestThroughRouter(Object(Illuminate\Http\Request))
#11 C:\xampp\htdocs\dev.eusalud\public\index.php(53): Illuminate\Foundation\Http\Kernel->handle(Object(Illuminate\Http\Request))
#12 {main}  
[2015-06-16 20:40:19] local.ERROR: exception 'ReflectionException' with message 'Class encrypter does not exist' in C:\xampp\htdocs\dev.eusalud\vendor\laravel\framework\src\Illuminate\Container\Container.php:736
Stack trace:
#0 C:\xampp\htdocs\dev.eusalud\vendor\laravel\framework\src\Illuminate\Container\Container.php(736): ReflectionClass->__construct('encrypter')
#1 C:\xampp\htdocs\dev.eusalud\vendor\laravel\framework\src\Illuminate\Container\Container.php(626): Illuminate\Container\Container->build('encrypter', Array)
#2 C:\xampp\htdocs\dev.eusalud\vendor\laravel\framework\src\Illuminate\Foundation\Application.php(643): Illuminate\Container\Container->make('encrypter', Array)
#3 C:\xampp\htdocs\dev.eusalud\vendor\laravel\framework\src\Illuminate\Container\Container.php(837): Illuminate\Foundation\Application->make('Illuminate\\Cont...')
#4 C:\xampp\htdocs\dev.eusalud\vendor\laravel\framework\src\Illuminate\Container\Container.php(800): Illuminate\Container\Container->resolveClass(Object(ReflectionParameter))
#5 C:\xampp\htdocs\dev.eusalud\vendor\laravel\framework\src\Illuminate\Container\Container.php(771): Illuminate\Container\Container->getDependencies(Array, Array)
#6 C:\xampp\htdocs\dev.eusalud\vendor\laravel\framework\src\Illuminate\Container\Container.php(626): Illuminate\Container\Container->build('Illuminate\\Cook...', Array)
#7 C:\xampp\htdocs\dev.eusalud\vendor\laravel\framework\src\Illuminate\Foundation\Application.php(643): Illuminate\Container\Container->make('Illuminate\\Cook...', Array)
#8 C:\xampp\htdocs\dev.eusalud\vendor\laravel\framework\src\Illuminate\Foundation\Http\Kernel.php(135): Illuminate\Foundation\Application->make('Illuminate\\Cook...')
#9 C:\xampp\htdocs\dev.eusalud\public\index.php(57): Illuminate\Foundation\Http\Kernel->terminate(Object(Illuminate\Http\Request), Object(Illuminate\Http\Response))
#10 {main}  
[2015-06-16 21:35:47] local.ERROR: exception 'ErrorException' with message 'file_put_contents(C:\xampp\htdocs\dev.eusalud/bootstrap/cache/services.json): failed to open stream: No such file or directory' in C:\xampp\htdocs\dev.eusalud\vendor\laravel\framework\src\Illuminate\Filesystem\Filesystem.php:81
Stack trace:
#0 [internal function]: Illuminate\Foundation\Bootstrap\HandleExceptions->handleError(2, 'file_put_conten...', 'C:\\xampp\\htdocs...', 81, Array)
#1 C:\xampp\htdocs\dev.eusalud\vendor\laravel\framework\src\Illuminate\Filesystem\Filesystem.php(81): file_put_contents('C:\\xampp\\htdocs...', '{\n    "provider...', 0)
#2 C:\xampp\htdocs\dev.eusalud\vendor\laravel\framework\src\Illuminate\Foundation\ProviderRepository.php(188): Illuminate\Filesystem\Filesystem->put('C:\\xampp\\htdocs...', '{\n    "provider...')
#3 C:\xampp\htdocs\dev.eusalud\vendor\laravel\framework\src\Illuminate\Foundation\ProviderRepository.php(135): Illuminate\Foundation\ProviderRepository->writeManifest(Array)
#4 C:\xampp\htdocs\dev.eusalud\vendor\laravel\framework\src\Illuminate\Foundation\ProviderRepository.php(60): Illuminate\Foundation\ProviderRepository->compileManifest(Array)
#5 C:\xampp\htdocs\dev.eusalud\vendor\laravel\framework\src\Illuminate\Foundation\Application.php(476): Illuminate\Foundation\ProviderRepository->load(Array)
#6 C:\xampp\htdocs\dev.eusalud\vendor\laravel\framework\src\Illuminate\Foundation\Bootstrap\RegisterProviders.php(17): Illuminate\Foundation\Application->registerConfiguredProviders()
#7 C:\xampp\htdocs\dev.eusalud\vendor\laravel\framework\src\Illuminate\Foundation\Application.php(195): Illuminate\Foundation\Bootstrap\RegisterProviders->bootstrap(Object(Illuminate\Foundation\Application))
#8 C:\xampp\htdocs\dev.eusalud\vendor\laravel\framework\src\Illuminate\Foundation\Http\Kernel.php(215): Illuminate\Foundation\Application->bootstrapWith(Array)
#9 C:\xampp\htdocs\dev.eusalud\vendor\laravel\framework\src\Illuminate\Foundation\Http\Kernel.php(110): Illuminate\Foundation\Http\Kernel->bootstrap()
#10 C:\xampp\htdocs\dev.eusalud\vendor\laravel\framework\src\Illuminate\Foundation\Http\Kernel.php(86): Illuminate\Foundation\Http\Kernel->sendRequestThroughRouter(Object(Illuminate\Http\Request))
#11 C:\xampp\htdocs\dev.eusalud\public\index.php(53): Illuminate\Foundation\Http\Kernel->handle(Object(Illuminate\Http\Request))
#12 {main}  
[2015-06-16 21:35:47] local.ERROR: exception 'ReflectionException' with message 'Class encrypter does not exist' in C:\xampp\htdocs\dev.eusalud\vendor\laravel\framework\src\Illuminate\Container\Container.php:736
Stack trace:
#0 C:\xampp\htdocs\dev.eusalud\vendor\laravel\framework\src\Illuminate\Container\Container.php(736): ReflectionClass->__construct('encrypter')
#1 C:\xampp\htdocs\dev.eusalud\vendor\laravel\framework\src\Illuminate\Container\Container.php(626): Illuminate\Container\Container->build('encrypter', Array)
#2 C:\xampp\htdocs\dev.eusalud\vendor\laravel\framework\src\Illuminate\Foundation\Application.php(643): Illuminate\Container\Container->make('encrypter', Array)
#3 C:\xampp\htdocs\dev.eusalud\vendor\laravel\framework\src\Illuminate\Container\Container.php(837): Illuminate\Foundation\Application->make('Illuminate\\Cont...')
#4 C:\xampp\htdocs\dev.eusalud\vendor\laravel\framework\src\Illuminate\Container\Container.php(800): Illuminate\Container\Container->resolveClass(Object(ReflectionParameter))
#5 C:\xampp\htdocs\dev.eusalud\vendor\laravel\framework\src\Illuminate\Container\Container.php(771): Illuminate\Container\Container->getDependencies(Array, Array)
#6 C:\xampp\htdocs\dev.eusalud\vendor\laravel\framework\src\Illuminate\Container\Container.php(626): Illuminate\Container\Container->build('Illuminate\\Cook...', Array)
#7 C:\xampp\htdocs\dev.eusalud\vendor\laravel\framework\src\Illuminate\Foundation\Application.php(643): Illuminate\Container\Container->make('Illuminate\\Cook...', Array)
#8 C:\xampp\htdocs\dev.eusalud\vendor\laravel\framework\src\Illuminate\Foundation\Http\Kernel.php(135): Illuminate\Foundation\Application->make('Illuminate\\Cook...')
#9 C:\xampp\htdocs\dev.eusalud\public\index.php(57): Illuminate\Foundation\Http\Kernel->terminate(Object(Illuminate\Http\Request), Object(Illuminate\Http\Response))
#10 {main}  
